I20250830 20:16:28.865921     1 MetaDaemon.cpp:137] localhost = "metad1":9559
I20250830 20:16:28.874166     1 NebulaStore.cpp:48] Start the raft service...
I20250830 20:16:28.885124     1 NebulaSnapshotManager.cpp:25] Send snapshot is rate limited to 10485760 for each part by default
I20250830 20:16:29.088711     1 RaftexService.cpp:46] Start raft service on 9560
I20250830 20:16:29.089756     1 NebulaStore.cpp:82] Scan the local path, and init the spaces_
E20250830 20:16:29.090243     1 FileUtils.cpp:377] Failed to read the directory "/data/meta/nebula" (2): No such file or directory
I20250830 20:16:29.104709     1 NebulaStore.cpp:292] Init data from partManager for "metad1":9559
I20250830 20:16:29.105064     1 NebulaStore.cpp:417] Create data space 0
I20250830 20:16:29.236619    74 RocksEngine.cpp:107] open rocksdb on /data/meta/nebula/0/data
I20250830 20:16:29.241138     1 NebulaStore.cpp:480] Space 0, part 0 has been added, asLearner 0
I20250830 20:16:29.241451     1 NebulaStore.cpp:75] Register handler...
I20250830 20:16:29.241611     1 MetaDaemonInit.cpp:106] Waiting for the leader elected...
I20250830 20:16:29.241778     1 MetaDaemonInit.cpp:118] Leader has not been elected, sleep 1s
I20250830 20:16:29.491616    57 ThriftClientManager-inl.h:67] resolve "metad0":9560 as "172.19.0.2":9560
I20250830 20:16:30.242575     1 MetaDaemonInit.cpp:118] Leader has not been elected, sleep 1s
I20250830 20:16:31.243438     1 MetaDaemonInit.cpp:118] Leader has not been elected, sleep 1s
I20250830 20:16:32.245059     1 MetaDaemonInit.cpp:118] Leader has not been elected, sleep 1s
I20250830 20:16:33.246488     1 MetaDaemonInit.cpp:118] Leader has not been elected, sleep 1s
I20250830 20:16:34.247443     1 MetaDaemonInit.cpp:118] Leader has not been elected, sleep 1s
I20250830 20:16:34.494804    57 ThriftClientManager-inl.h:67] resolve "metad2":9560 as "172.19.0.3":9560
I20250830 20:16:35.249223     1 MetaDaemonInit.cpp:118] Leader has not been elected, sleep 1s
I20250830 20:16:36.251178     1 MetaDaemonInit.cpp:118] Leader has not been elected, sleep 1s
I20250830 20:16:37.252691     1 MetaDaemonInit.cpp:118] Leader has not been elected, sleep 1s
I20250830 20:16:38.255793     1 MetaDaemonInit.cpp:118] Leader has not been elected, sleep 1s
I20250830 20:16:39.257570     1 MetaDaemonInit.cpp:118] Leader has not been elected, sleep 1s
I20250830 20:16:39.497881    58 ThriftClientManager-inl.h:67] resolve "metad0":9560 as "172.19.0.2":9560
I20250830 20:16:39.499552    58 ThriftClientManager-inl.h:67] resolve "metad2":9560 as "172.19.0.3":9560
I20250830 20:16:40.259622     1 MetaDaemonInit.cpp:118] Leader has not been elected, sleep 1s
I20250830 20:16:40.887986    59 ThriftClientManager-inl.h:67] resolve "metad0":9560 as "172.19.0.2":9560
I20250830 20:16:41.260695     1 MetaDaemonInit.cpp:118] Leader has not been elected, sleep 1s
I20250830 20:16:42.267526     1 KVBasedClusterIdMan.h:118] There is no clusterId existed in kvstore!
I20250830 20:16:42.268306     1 MetaDaemonInit.cpp:134] I am follower, wait for the leader's clusterId
I20250830 20:16:42.268744     1 MetaDaemonInit.cpp:136] Waiting for the leader's clusterId
I20250830 20:16:43.270238     1 KVBasedClusterIdMan.h:118] There is no clusterId existed in kvstore!
I20250830 20:16:43.271076     1 MetaDaemonInit.cpp:136] Waiting for the leader's clusterId
I20250830 20:16:44.273869     1 KVBasedClusterIdMan.h:118] There is no clusterId existed in kvstore!
I20250830 20:16:44.274694     1 MetaDaemonInit.cpp:136] Waiting for the leader's clusterId
I20250830 20:16:45.276093     1 KVBasedClusterIdMan.h:118] There is no clusterId existed in kvstore!
I20250830 20:16:45.276793     1 MetaDaemonInit.cpp:136] Waiting for the leader's clusterId
I20250830 20:16:45.893393    59 ThriftClientManager-inl.h:67] resolve "metad2":9560 as "172.19.0.3":9560
I20250830 20:16:46.277961     1 KVBasedClusterIdMan.h:118] There is no clusterId existed in kvstore!
I20250830 20:16:46.278802     1 MetaDaemonInit.cpp:136] Waiting for the leader's clusterId
I20250830 20:16:47.284593     1 KVBasedClusterIdMan.h:118] There is no clusterId existed in kvstore!
I20250830 20:16:47.285820     1 MetaDaemonInit.cpp:136] Waiting for the leader's clusterId
I20250830 20:16:48.294117     1 RocksEngine.cpp:610] Target checkpoint data path : /data/meta/nebula/0/checkpoints/META_UPGRADE_SNAPSHOT_2025_08_30_20_16_48/data
I20250830 20:16:48.322304     1 MetaDaemonInit.cpp:169] Nebula store init succeeded, clusterId 7502111225327318900
I20250830 20:16:48.322576     1 MetaDaemon.cpp:150] Start http service
I20250830 20:16:48.323107     1 MetaDaemonInit.cpp:226] Starting Meta HTTP Service
I20250830 20:16:53.335263   117 WebService.cpp:124] Web service started on HTTP[19559]
I20250830 20:16:53.336313     1 MetaDaemonInit.cpp:192] Check root user
I20250830 20:16:53.336654     1 RootUserMan.h:40] God user is not exists
I20250830 20:16:53.342901     1 MetaDaemon.cpp:193] The meta daemon start on "metad1":9559
I20250830 20:16:53.343393     1 JobManager.cpp:88] Not leader, skip reading remaining jobs
I20250830 20:16:53.343897     1 JobManager.cpp:64] JobManager initialized
I20250830 20:16:53.343951   123 JobManager.cpp:150] JobManager::scheduleThread enter
I20250830 20:16:55.474665   136 HBProcessor.cpp:33] Receive heartbeat from "storaged1":9779, role = STORAGE
I20250830 20:16:55.475103   136 HBProcessor.cpp:41] Machine "storaged1":9779 is not registered
I20250830 20:19:41.196908     1 MetaDaemon.cpp:230] Signal 15(Terminated) received, stopping this server
I20250830 20:19:41.208850     1 JobManager.cpp:138] JobManager::shutDown() begin
I20250830 20:19:41.214149   123 JobManager.cpp:155] Detect shutdown called, exit
I20250830 20:19:41.214350   123 JobDescription.cpp:113] Loading job description failed, error: E_LEADER_CHANGED
I20250830 20:19:41.214519   123 JobManager.cpp:175] Load an invalid job from space 0 jodId 0
I20250830 20:19:41.214748     1 JobManager.cpp:146] JobManager::shutDown() end
I20250830 20:19:41.214828     1 NebulaStore.cpp:343] Stop the raft service...
I20250830 20:19:41.215000     1 RaftexService.cpp:67] Stopping the raftex service on port 9560
I20250830 20:19:41.215104     1 RaftexService.cpp:77] All partitions have stopped
I20250830 20:19:41.215171     1 NebulaStore.cpp:346] Stop kv engine...
I20250830 20:19:41.215663     1 NebulaStore.cpp:343] Stop the raft service...
I20250830 20:19:41.215837     1 RaftexService.cpp:67] Stopping the raftex service on port 9560
I20250830 20:19:41.215936     1 RaftexService.cpp:77] All partitions have stopped
I20250830 20:19:41.216174     1 NebulaStore.cpp:346] Stop kv engine...
I20250830 20:19:41.216385     1 NebulaStore.cpp:36] Cut off the relationship with meta client
I20250830 20:19:41.217389     1 Part.h:59] [Port: 9560, Space: 0, Part: 0] ~Part()
I20250830 20:19:41.218324     1 RocksEngine.h:247] Release rocksdb on /data/meta/nebula/0
I20250830 20:19:41.222612     1 NebulaStore.cpp:44] ~NebulaStore()
I20250830 20:19:41.224210     1 MetaDaemon.cpp:215] The meta Daemon stopped
I20250830 20:19:41.227443     1 JobManager.cpp:138] JobManager::shutDown() begin
I20250830 20:19:41.227648     1 JobManager.cpp:141] JobManager not running, exit
I20250830 20:19:48.006181     1 MetaDaemon.cpp:137] localhost = "metad1":9559
I20250830 20:19:48.019377     1 NebulaStore.cpp:48] Start the raft service...
I20250830 20:19:48.031204     1 NebulaSnapshotManager.cpp:25] Send snapshot is rate limited to 10485760 for each part by default
I20250830 20:19:48.250785     1 RaftexService.cpp:46] Start raft service on 9560
I20250830 20:19:48.253356     1 NebulaStore.cpp:82] Scan the local path, and init the spaces_
I20250830 20:19:48.256351     1 NebulaStore.cpp:90] Scan path "/data/meta/nebula/0"
I20250830 20:19:48.257699     1 NebulaStore.cpp:292] Init data from partManager for "metad1":9559
I20250830 20:19:48.258113     1 NebulaStore.cpp:417] Create data space 0
I20250830 20:19:48.346724    73 RocksEngine.cpp:107] open rocksdb on /data/meta/nebula/0/data
I20250830 20:19:48.351761     1 NebulaStore.cpp:480] Space 0, part 0 has been added, asLearner 0
I20250830 20:19:48.351979     1 NebulaStore.cpp:75] Register handler...
I20250830 20:19:48.352206     1 MetaDaemonInit.cpp:106] Waiting for the leader elected...
I20250830 20:19:48.352653     1 MetaDaemonInit.cpp:118] Leader has not been elected, sleep 1s
I20250830 20:19:49.267140    56 ThriftClientManager-inl.h:67] resolve "metad0":9560 as "172.19.0.4":9560
I20250830 20:19:49.353981     1 MetaDaemonInit.cpp:118] Leader has not been elected, sleep 1s
I20250830 20:19:50.357777     1 MetaDaemonInit.cpp:118] Leader has not been elected, sleep 1s
I20250830 20:19:51.361567     1 MetaDaemonInit.cpp:118] Leader has not been elected, sleep 1s
I20250830 20:19:52.363122     1 MetaDaemonInit.cpp:118] Leader has not been elected, sleep 1s
I20250830 20:19:53.377440     1 MetaDaemonInit.cpp:118] Leader has not been elected, sleep 1s
I20250830 20:19:54.273131    56 ThriftClientManager-inl.h:67] resolve "metad2":9560 as "172.19.0.2":9560
I20250830 20:19:54.380559     1 MetaDaemonInit.cpp:118] Leader has not been elected, sleep 1s
I20250830 20:19:55.383934     1 MetaDaemonInit.cpp:118] Leader has not been elected, sleep 1s
I20250830 20:19:56.385676     1 MetaDaemonInit.cpp:118] Leader has not been elected, sleep 1s
I20250830 20:19:57.391012     1 MetaDaemonInit.cpp:118] Leader has not been elected, sleep 1s
I20250830 20:19:58.392736     1 MetaDaemonInit.cpp:153] Get meta version is 4
I20250830 20:19:58.393313     1 MetaDaemonInit.cpp:169] Nebula store init succeeded, clusterId 7502111225327318900
I20250830 20:19:58.393476     1 MetaDaemon.cpp:150] Start http service
I20250830 20:19:58.394032     1 MetaDaemonInit.cpp:226] Starting Meta HTTP Service
I20250830 20:19:58.399940   109 WebService.cpp:124] Web service started on HTTP[19559]
I20250830 20:19:58.400235     1 MetaDaemonInit.cpp:192] Check root user
I20250830 20:19:58.400430     1 RootUserMan.h:35] God user exists
I20250830 20:19:58.403200     1 MetaDaemon.cpp:193] The meta daemon start on "metad1":9559
I20250830 20:19:58.403362     1 JobManager.cpp:88] Not leader, skip reading remaining jobs
I20250830 20:19:58.403563     1 JobManager.cpp:64] JobManager initialized
I20250830 20:19:58.403579   115 JobManager.cpp:150] JobManager::scheduleThread enter
I20250830 20:19:58.680056   128 HBProcessor.cpp:33] Receive heartbeat from "graphd":9670, role = GRAPH
I20250830 20:19:58.680234   128 HBProcessor.cpp:89] Update host "graphd":9670 dir info, root path: /usr/local/nebula, data path size: 0
I20250830 20:23:49.772503     1 MetaDaemon.cpp:230] Signal 15(Terminated) received, stopping this server
I20250830 20:23:49.783968     1 JobManager.cpp:138] JobManager::shutDown() begin
I20250830 20:23:49.791122   115 JobManager.cpp:155] Detect shutdown called, exit
I20250830 20:23:49.791301   115 JobDescription.cpp:113] Loading job description failed, error: E_LEADER_CHANGED
I20250830 20:23:49.791460   115 JobManager.cpp:175] Load an invalid job from space 0 jodId 0
I20250830 20:23:49.791707     1 JobManager.cpp:146] JobManager::shutDown() end
I20250830 20:23:49.791922     1 NebulaStore.cpp:343] Stop the raft service...
I20250830 20:23:49.792145     1 RaftexService.cpp:67] Stopping the raftex service on port 9560
I20250830 20:23:49.792310     1 RaftexService.cpp:77] All partitions have stopped
I20250830 20:23:49.792467     1 NebulaStore.cpp:346] Stop kv engine...
I20250830 20:23:49.793149     1 NebulaStore.cpp:343] Stop the raft service...
I20250830 20:23:49.793272     1 RaftexService.cpp:67] Stopping the raftex service on port 9560
I20250830 20:23:49.793373     1 RaftexService.cpp:77] All partitions have stopped
I20250830 20:23:49.793622     1 NebulaStore.cpp:346] Stop kv engine...
I20250830 20:23:49.793736     1 NebulaStore.cpp:36] Cut off the relationship with meta client
I20250830 20:23:49.794693     1 Part.h:59] [Port: 9560, Space: 0, Part: 0] ~Part()
I20250830 20:23:49.795187     1 RocksEngine.h:247] Release rocksdb on /data/meta/nebula/0
I20250830 20:23:49.797078     1 NebulaStore.cpp:44] ~NebulaStore()
I20250830 20:23:49.797504     1 MetaDaemon.cpp:215] The meta Daemon stopped
I20250830 20:23:49.799321     1 JobManager.cpp:138] JobManager::shutDown() begin
I20250830 20:23:49.799662     1 JobManager.cpp:141] JobManager not running, exit
