terminate called without an active exception
*** Aborted at 1756586612 (Unix time, try 'date -d @1756586612') ***
*** Signal 6 (SIGABRT) (0x1) received by PID 1 (pthread TID 0xffff921eb000) (linux TID 1) (maybe from PID 1, UID 0) (code: -6), stack trace: ***
/usr/local/nebula/bin/nebula-graphd(_ZN5folly10symbolizer21SafeStackTracePrinter15printStackTraceEb+0x33)[0x20c33bb]
/usr/local/nebula/bin/nebula-graphd(_ZN5folly10symbolizer21SafeStackTracePrinter15printStackTraceEb+0x33)[0x20c33bb]
[0xffffd893874f]
[0xffffd893874f]
(safe mode, symbolizer not available)
terminate called without an active exception
*** Aborted at 1756586622 (Unix time, try 'date -d @1756586622') ***
*** Signal 6 (SIGABRT) (0x1) received by PID 1 (pthread TID 0xffffb9449000) (linux TID 1) (maybe from PID 1, UID 0) (code: -6), stack trace: ***
/usr/local/nebula/bin/nebula-graphd(_ZN5folly10symbolizer21SafeStackTracePrinter15printStackTraceEb+0x33)[0x20c33bb]
/usr/local/nebula/bin/nebula-graphd(_ZN5folly10symbolizer21SafeStackTracePrinter15printStackTraceEb+0x33)[0x20c33bb]
[0xffffc370842f]
[0xffffc370842f]
(safe mode, symbolizer not available)
terminate called without an active exception
*** Aborted at 1756586637 (Unix time, try 'date -d @1756586637') ***
*** Signal 6 (SIGABRT) (0x1) received by PID 1 (pthread TID 0xffffb9d78000) (linux TID 1) (maybe from PID 1, UID 0) (code: -6), stack trace: ***
/usr/local/nebula/bin/nebula-graphd(_ZN5folly10symbolizer21SafeStackTracePrinter15printStackTraceEb+0x33)[0x20c33bb]
/usr/local/nebula/bin/nebula-graphd(_ZN5folly10symbolizer21SafeStackTracePrinter15printStackTraceEb+0x33)[0x20c33bb]
[0xffffdfa4aadf]
[0xffffdfa4aadf]
(safe mode, symbolizer not available)
terminate called without an active exception
*** Aborted at 1756586648 (Unix time, try 'date -d @1756586648') ***
*** Signal 6 (SIGABRT) (0x1) received by PID 1 (pthread TID 0xffffa8008000) (linux TID 1) (maybe from PID 1, UID 0) (code: -6), stack trace: ***
/usr/local/nebula/bin/nebula-graphd(_ZN5folly10symbolizer21SafeStackTracePrinter15printStackTraceEb+0x33)[0x20c33bb]
/usr/local/nebula/bin/nebula-graphd(_ZN5folly10symbolizer21SafeStackTracePrinter15printStackTraceEb+0x33)[0x20c33bb]
[0xffffd2ad4f7f]
[0xffffd2ad4f7f]
(safe mode, symbolizer not available)
terminate called without an active exception
*** Aborted at 1756586668 (Unix time, try 'date -d @1756586668') ***
*** Signal 6 (SIGABRT) (0x1) received by PID 1 (pthread TID 0xffff94e14000) (linux TID 1) (maybe from PID 1, UID 0) (code: -6), stack trace: ***
/usr/local/nebula/bin/nebula-graphd(_ZN5folly10symbolizer21SafeStackTracePrinter15printStackTraceEb+0x33)[0x20c33bb]
/usr/local/nebula/bin/nebula-graphd(_ZN5folly10symbolizer21SafeStackTracePrinter15printStackTraceEb+0x33)[0x20c33bb]
[0xffffe24bde6f]
[0xffffe24bde6f]
(safe mode, symbolizer not available)
terminate called without an active exception
*** Aborted at 1756586683 (Unix time, try 'date -d @1756586683') ***
*** Signal 6 (SIGABRT) (0x1) received by PID 1 (pthread TID 0xffffaf2e3000) (linux TID 1) (maybe from PID 1, UID 0) (code: -6), stack trace: ***
/usr/local/nebula/bin/nebula-graphd(_ZN5folly10symbolizer21SafeStackTracePrinter15printStackTraceEb+0x33)[0x20c33bb]
/usr/local/nebula/bin/nebula-graphd(_ZN5folly10symbolizer21SafeStackTracePrinter15printStackTraceEb+0x33)[0x20c33bb]
[0xffffc8d7ad3f]
[0xffffc8d7ad3f]
(safe mode, symbolizer not available)
terminate called without an active exception
*** Aborted at 1756586694 (Unix time, try 'date -d @1756586694') ***
*** Signal 6 (SIGABRT) (0x1) received by PID 1 (pthread TID 0xffffb1f0c000) (linux TID 1) (maybe from PID 1, UID 0) (code: -6), stack trace: ***
/usr/local/nebula/bin/nebula-graphd(_ZN5folly10symbolizer21SafeStackTracePrinter15printStackTraceEb+0x33)[0x20c33bb]
/usr/local/nebula/bin/nebula-graphd(_ZN5folly10symbolizer21SafeStackTracePrinter15printStackTraceEb+0x33)[0x20c33bb]
[0xffffec56feff]
[0xffffec56feff]
(safe mode, symbolizer not available)
terminate called without an active exception
*** Aborted at 1756586699 (Unix time, try 'date -d @1756586699') ***
*** Signal 6 (SIGABRT) (0x1) received by PID 1 (pthread TID 0xffffb6097000) (linux TID 1) (maybe from PID 1, UID 0) (code: -6), stack trace: ***
/usr/local/nebula/bin/nebula-graphd(_ZN5folly10symbolizer21SafeStackTracePrinter15printStackTraceEb+0x33)[0x20c33bb]
/usr/local/nebula/bin/nebula-graphd(_ZN5folly10symbolizer21SafeStackTracePrinter15printStackTraceEb+0x33)[0x20c33bb]
[0xffffc4757e2f]
[0xffffc4757e2f]
(safe mode, symbolizer not available)
terminate called without an active exception
*** Aborted at 1756586714 (Unix time, try 'date -d @1756586714') ***
*** Signal 6 (SIGABRT) (0x1) received by PID 1 (pthread TID 0xffff82caf000) (linux TID 1) (maybe from PID 1, UID 0) (code: -6), stack trace: ***
/usr/local/nebula/bin/nebula-graphd(_ZN5folly10symbolizer21SafeStackTracePrinter15printStackTraceEb+0x33)[0x20c33bb]
/usr/local/nebula/bin/nebula-graphd(_ZN5folly10symbolizer21SafeStackTracePrinter15printStackTraceEb+0x33)[0x20c33bb]
[0xfffff8a3561f]
[0xfffff8a3561f]
(safe mode, symbolizer not available)
terminate called without an active exception
*** Aborted at 1756586730 (Unix time, try 'date -d @1756586730') ***
*** Signal 6 (SIGABRT) (0x1) received by PID 1 (pthread TID 0xffffb2a05000) (linux TID 1) (maybe from PID 1, UID 0) (code: -6), stack trace: ***
/usr/local/nebula/bin/nebula-graphd(_ZN5folly10symbolizer21SafeStackTracePrinter15printStackTraceEb+0x33)[0x20c33bb]
/usr/local/nebula/bin/nebula-graphd(_ZN5folly10symbolizer21SafeStackTracePrinter15printStackTraceEb+0x33)[0x20c33bb]
[0xffffc319824f]
[0xffffc319824f]
(safe mode, symbolizer not available)
terminate called without an active exception
*** Aborted at 1756586740 (Unix time, try 'date -d @1756586740') ***
*** Signal 6 (SIGABRT) (0x1) received by PID 1 (pthread TID 0xffffba819000) (linux TID 1) (maybe from PID 1, UID 0) (code: -6), stack trace: ***
/usr/local/nebula/bin/nebula-graphd(_ZN5folly10symbolizer21SafeStackTracePrinter15printStackTraceEb+0x33)[0x20c33bb]
/usr/local/nebula/bin/nebula-graphd(_ZN5folly10symbolizer21SafeStackTracePrinter15printStackTraceEb+0x33)[0x20c33bb]
[0xfffff21d8e1f]
[0xfffff21d8e1f]
(safe mode, symbolizer not available)
terminate called without an active exception
*** Aborted at 1756586760 (Unix time, try 'date -d @1756586760') ***
*** Signal 6 (SIGABRT) (0x1) received by PID 1 (pthread TID 0xffffb3468000) (linux TID 1) (maybe from PID 1, UID 0) (code: -6), stack trace: ***
/usr/local/nebula/bin/nebula-graphd(_ZN5folly10symbolizer21SafeStackTracePrinter15printStackTraceEb+0x33)[0x20c33bb]
/usr/local/nebula/bin/nebula-graphd(_ZN5folly10symbolizer21SafeStackTracePrinter15printStackTraceEb+0x33)[0x20c33bb]
[0xffffda98328f]
[0xffffda98328f]
(safe mode, symbolizer not available)
terminate called without an active exception
*** Aborted at 1756586771 (Unix time, try 'date -d @1756586771') ***
*** Signal 6 (SIGABRT) (0x1) received by PID 1 (pthread TID 0xffffa3b0c000) (linux TID 1) (maybe from PID 1, UID 0) (code: -6), stack trace: ***
/usr/local/nebula/bin/nebula-graphd(_ZN5folly10symbolizer21SafeStackTracePrinter15printStackTraceEb+0x33)[0x20c33bb]
/usr/local/nebula/bin/nebula-graphd(_ZN5folly10symbolizer21SafeStackTracePrinter15printStackTraceEb+0x33)[0x20c33bb]
[0xffffee479b6f]
[0xffffee479b6f]
(safe mode, symbolizer not available)
terminate called without an active exception
*** Aborted at 1756586781 (Unix time, try 'date -d @1756586781') ***
*** Signal 6 (SIGABRT) (0x1) received by PID 1 (pthread TID 0xffffa4f1c000) (linux TID 1) (maybe from PID 1, UID 0) (code: -6), stack trace: ***
/usr/local/nebula/bin/nebula-graphd(_ZN5folly10symbolizer21SafeStackTracePrinter15printStackTraceEb+0x33)[0x20c33bb]
/usr/local/nebula/bin/nebula-graphd(_ZN5folly10symbolizer21SafeStackTracePrinter15printStackTraceEb+0x33)[0x20c33bb]
[0xfffffd326fbf]
[0xfffffd326fbf]
(safe mode, symbolizer not available)
terminate called without an active exception
*** Aborted at 1756586796 (Unix time, try 'date -d @1756586796') ***
*** Signal 6 (SIGABRT) (0x1) received by PID 1 (pthread TID 0xffffb61ae000) (linux TID 1) (maybe from PID 1, UID 0) (code: -6), stack trace: ***
/usr/local/nebula/bin/nebula-graphd(_ZN5folly10symbolizer21SafeStackTracePrinter15printStackTraceEb+0x33)[0x20c33bb]
/usr/local/nebula/bin/nebula-graphd(_ZN5folly10symbolizer21SafeStackTracePrinter15printStackTraceEb+0x33)[0x20c33bb]
[0xffffc25a23af]
[0xffffc25a23af]
(safe mode, symbolizer not available)
terminate called without an active exception
*** Aborted at 1756586812 (Unix time, try 'date -d @1756586812') ***
*** Signal 6 (SIGABRT) (0x1) received by PID 1 (pthread TID 0xffff936be000) (linux TID 1) (maybe from PID 1, UID 0) (code: -6), stack trace: ***
/usr/local/nebula/bin/nebula-graphd(_ZN5folly10symbolizer21SafeStackTracePrinter15printStackTraceEb+0x33)[0x20c33bb]
/usr/local/nebula/bin/nebula-graphd(_ZN5folly10symbolizer21SafeStackTracePrinter15printStackTraceEb+0x33)[0x20c33bb]
[0xffffd7375bbf]
[0xffffd7375bbf]
(safe mode, symbolizer not available)
terminate called without an active exception
*** Aborted at 1756586832 (Unix time, try 'date -d @1756586832') ***
*** Signal 6 (SIGABRT) (0x1) received by PID 1 (pthread TID 0xffffb08be000) (linux TID 1) (maybe from PID 1, UID 0) (code: -6), stack trace: ***
/usr/local/nebula/bin/nebula-graphd(_ZN5folly10symbolizer21SafeStackTracePrinter15printStackTraceEb+0x33)[0x20c33bb]
/usr/local/nebula/bin/nebula-graphd(_ZN5folly10symbolizer21SafeStackTracePrinter15printStackTraceEb+0x33)[0x20c33bb]
[0xfffff3660a0f]
[0xfffff3660a0f]
(safe mode, symbolizer not available)
terminate called without an active exception
*** Aborted at 1756586847 (Unix time, try 'date -d @1756586847') ***
*** Signal 6 (SIGABRT) (0x1) received by PID 1 (pthread TID 0xffff951c3000) (linux TID 1) (maybe from PID 1, UID 0) (code: -6), stack trace: ***
/usr/local/nebula/bin/nebula-graphd(_ZN5folly10symbolizer21SafeStackTracePrinter15printStackTraceEb+0x33)[0x20c33bb]
/usr/local/nebula/bin/nebula-graphd(_ZN5folly10symbolizer21SafeStackTracePrinter15printStackTraceEb+0x33)[0x20c33bb]
[0xffffde0a016f]
[0xffffde0a016f]
(safe mode, symbolizer not available)
terminate called without an active exception
*** Aborted at 1756586863 (Unix time, try 'date -d @1756586863') ***
*** Signal 6 (SIGABRT) (0x1) received by PID 1 (pthread TID 0xffffb178e000) (linux TID 1) (maybe from PID 1, UID 0) (code: -6), stack trace: ***
/usr/local/nebula/bin/nebula-graphd(_ZN5folly10symbolizer21SafeStackTracePrinter15printStackTraceEb+0x33)[0x20c33bb]
/usr/local/nebula/bin/nebula-graphd(_ZN5folly10symbolizer21SafeStackTracePrinter15printStackTraceEb+0x33)[0x20c33bb]
[0xffffdc17e60f]
[0xffffdc17e60f]
(safe mode, symbolizer not available)
terminate called without an active exception
*** Aborted at 1756586873 (Unix time, try 'date -d @1756586873') ***
*** Signal 6 (SIGABRT) (0x1) received by PID 1 (pthread TID 0xffffa051b000) (linux TID 1) (maybe from PID 1, UID 0) (code: -6), stack trace: ***
/usr/local/nebula/bin/nebula-graphd(_ZN5folly10symbolizer21SafeStackTracePrinter15printStackTraceEb+0x33)[0x20c33bb]
/usr/local/nebula/bin/nebula-graphd(_ZN5folly10symbolizer21SafeStackTracePrinter15printStackTraceEb+0x33)[0x20c33bb]
[0xffffdcb1275f]
[0xffffdcb1275f]
(safe mode, symbolizer not available)
terminate called without an active exception
*** Aborted at 1756586883 (Unix time, try 'date -d @1756586883') ***
*** Signal 6 (SIGABRT) (0x1) received by PID 1 (pthread TID 0xffff90651000) (linux TID 1) (maybe from PID 1, UID 0) (code: -6), stack trace: ***
/usr/local/nebula/bin/nebula-graphd(_ZN5folly10symbolizer21SafeStackTracePrinter15printStackTraceEb+0x33)[0x20c33bb]
/usr/local/nebula/bin/nebula-graphd(_ZN5folly10symbolizer21SafeStackTracePrinter15printStackTraceEb+0x33)[0x20c33bb]
[0xffffd7d6f2ff]
[0xffffd7d6f2ff]
(safe mode, symbolizer not available)
