I20250830 20:16:28.982051     1 MetaDaemon.cpp:137] localhost = "metad2":9559
I20250830 20:16:28.995589     1 NebulaStore.cpp:48] Start the raft service...
I20250830 20:16:29.009438     1 NebulaSnapshotManager.cpp:25] Send snapshot is rate limited to 10485760 for each part by default
I20250830 20:16:29.166849     1 RaftexService.cpp:46] Start raft service on 9560
I20250830 20:16:29.168411     1 NebulaStore.cpp:82] Scan the local path, and init the spaces_
E20250830 20:16:29.169600     1 FileUtils.cpp:377] Failed to read the directory "/data/meta/nebula" (2): No such file or directory
I20250830 20:16:29.176703     1 NebulaStore.cpp:292] Init data from partManager for "metad2":9559
I20250830 20:16:29.188582     1 NebulaStore.cpp:417] Create data space 0
I20250830 20:16:29.254237    74 RocksEngine.cpp:107] open rocksdb on /data/meta/nebula/0/data
I20250830 20:16:29.258575     1 NebulaStore.cpp:480] Space 0, part 0 has been added, asLearner 0
I20250830 20:16:29.259040     1 NebulaStore.cpp:75] Register handler...
I20250830 20:16:29.259137     1 MetaDaemonInit.cpp:106] Waiting for the leader elected...
I20250830 20:16:29.259277     1 MetaDaemonInit.cpp:118] Leader has not been elected, sleep 1s
I20250830 20:16:30.097725    57 ThriftClientManager-inl.h:67] resolve "metad0":9560 as "172.19.0.2":9560
I20250830 20:16:30.260695     1 MetaDaemonInit.cpp:118] Leader has not been elected, sleep 1s
I20250830 20:16:31.261914     1 MetaDaemonInit.cpp:118] Leader has not been elected, sleep 1s
I20250830 20:16:32.263605     1 MetaDaemonInit.cpp:118] Leader has not been elected, sleep 1s
I20250830 20:16:33.265784     1 MetaDaemonInit.cpp:118] Leader has not been elected, sleep 1s
I20250830 20:16:34.267642     1 MetaDaemonInit.cpp:118] Leader has not been elected, sleep 1s
I20250830 20:16:35.101125    57 ThriftClientManager-inl.h:67] resolve "metad1":9560 as "172.19.0.4":9560
I20250830 20:16:35.102989    58 ThriftClientManager-inl.h:67] resolve "metad0":9560 as "172.19.0.2":9560
I20250830 20:16:35.268401     1 MetaDaemonInit.cpp:118] Leader has not been elected, sleep 1s
I20250830 20:16:36.269938     1 MetaDaemonInit.cpp:118] Leader has not been elected, sleep 1s
I20250830 20:16:37.273590     1 MetaDaemonInit.cpp:118] Leader has not been elected, sleep 1s
I20250830 20:16:38.275313     1 MetaDaemonInit.cpp:118] Leader has not been elected, sleep 1s
I20250830 20:16:39.277231     1 MetaDaemonInit.cpp:118] Leader has not been elected, sleep 1s
I20250830 20:16:40.105685    58 ThriftClientManager-inl.h:67] resolve "metad1":9560 as "172.19.0.4":9560
I20250830 20:16:40.278960     1 MetaDaemonInit.cpp:118] Leader has not been elected, sleep 1s
I20250830 20:16:41.288467     1 MetaDaemonInit.cpp:118] Leader has not been elected, sleep 1s
I20250830 20:16:41.505031    59 ThriftClientManager-inl.h:67] resolve "metad0":9560 as "172.19.0.2":9560
I20250830 20:16:41.506665    59 ThriftClientManager-inl.h:67] resolve "metad1":9560 as "172.19.0.4":9560
I20250830 20:16:41.508533    60 ThriftClientManager-inl.h:67] resolve "metad0":9560 as "172.19.0.2":9560
I20250830 20:16:41.510130    60 ThriftClientManager-inl.h:67] resolve "metad1":9560 as "172.19.0.4":9560
I20250830 20:16:41.512609    61 ThriftClientManager-inl.h:67] resolve "metad0":9560 as "172.19.0.2":9560
I20250830 20:16:41.513722    62 ThriftClientManager-inl.h:67] resolve "metad0":9560 as "172.19.0.2":9560
I20250830 20:16:41.514721    62 ThriftClientManager-inl.h:67] resolve "metad1":9560 as "172.19.0.4":9560
I20250830 20:16:42.289911     1 KVBasedClusterIdMan.h:118] There is no clusterId existed in kvstore!
I20250830 20:16:42.290267     1 MetaDaemonInit.cpp:126] I am leader, create cluster Id
I20250830 20:16:42.290510     1 KVBasedClusterIdMan.h:45] Create ClusterId 7502111225327318900
I20250830 20:16:42.291852    63 ThriftClientManager-inl.h:67] resolve "metad0":9560 as "172.19.0.2":9560
I20250830 20:16:42.292790    63 ThriftClientManager-inl.h:67] resolve "metad1":9560 as "172.19.0.4":9560
I20250830 20:16:42.294878    13 KVBasedClusterIdMan.h:151] Put key __meta_cluster_id_key__, val 7502111225327318900
I20250830 20:16:42.297019     1 RocksEngine.cpp:610] Target checkpoint data path : /data/meta/nebula/0/checkpoints/META_UPGRADE_SNAPSHOT_2025_08_30_20_16_42/data
I20250830 20:16:42.320240     1 MetaDaemonInit.cpp:169] Nebula store init succeeded, clusterId 7502111225327318900
I20250830 20:16:42.320477     1 MetaDaemon.cpp:150] Start http service
I20250830 20:16:42.321460     1 MetaDaemonInit.cpp:226] Starting Meta HTTP Service
I20250830 20:16:42.324949   110 WebService.cpp:124] Web service started on HTTP[19559]
I20250830 20:16:42.325155     1 MetaDaemonInit.cpp:192] Check root user
I20250830 20:16:42.325335     1 RootUserMan.h:40] God user is not exists
I20250830 20:16:42.325500     1 RootUserMan.h:58] Init root user
I20250830 20:16:43.379770    65 ThriftClientManager-inl.h:67] resolve "metad0":9560 as "172.19.0.2":9560
I20250830 20:16:43.382086    65 ThriftClientManager-inl.h:67] resolve "metad1":9560 as "172.19.0.4":9560
I20250830 20:16:46.519515    61 ThriftClientManager-inl.h:67] resolve "metad1":9560 as "172.19.0.4":9560
I20250830 20:16:47.171237    67 ThriftClientManager-inl.h:67] resolve "metad0":9560 as "172.19.0.2":9560
I20250830 20:16:47.173295    67 ThriftClientManager-inl.h:67] resolve "metad1":9560 as "172.19.0.4":9560
I20250830 20:16:47.333372    64 ThriftClientManager-inl.h:67] resolve "metad0":9560 as "172.19.0.2":9560
I20250830 20:16:47.335763    64 ThriftClientManager-inl.h:67] resolve "metad1":9560 as "172.19.0.4":9560
I20250830 20:16:47.343472     1 MetaDaemon.cpp:193] The meta daemon start on "metad2":9559
I20250830 20:16:47.344525     1 JobManager.cpp:64] JobManager initialized
I20250830 20:16:47.344590   123 JobManager.cpp:150] JobManager::scheduleThread enter
I20250830 20:16:48.662715   136 HBProcessor.cpp:33] Receive heartbeat from "graphd1":9669, role = GRAPH
I20250830 20:16:48.663102   136 HBProcessor.cpp:89] Update host "graphd1":9669 dir info, root path: /usr/local/nebula, data path size: 0
I20250830 20:16:48.664517    68 ThriftClientManager-inl.h:67] resolve "metad0":9560 as "172.19.0.2":9560
I20250830 20:16:49.423849   137 HBProcessor.cpp:33] Receive heartbeat from "storaged0":9779, role = STORAGE
I20250830 20:16:50.067880    66 ThriftClientManager-inl.h:67] resolve "metad0":9560 as "172.19.0.2":9560
I20250830 20:16:50.068845    66 ThriftClientManager-inl.h:67] resolve "metad1":9560 as "172.19.0.4":9560
I20250830 20:16:51.316638    70 ThriftClientManager-inl.h:67] resolve "metad0":9560 as "172.19.0.2":9560
I20250830 20:16:53.127264    71 ThriftClientManager-inl.h:67] resolve "metad0":9560 as "172.19.0.2":9560
I20250830 20:16:53.129803    71 ThriftClientManager-inl.h:67] resolve "metad1":9560 as "172.19.0.4":9560
I20250830 20:16:53.674222    68 ThriftClientManager-inl.h:67] resolve "metad1":9560 as "172.19.0.4":9560
I20250830 20:16:53.677482   137 HBProcessor.cpp:41] Machine "storaged0":9779 is not registered
I20250830 20:16:54.328296    69 ThriftClientManager-inl.h:67] resolve "metad0":9560 as "172.19.0.2":9560
I20250830 20:16:54.331065    69 ThriftClientManager-inl.h:67] resolve "metad1":9560 as "172.19.0.4":9560
I20250830 20:16:54.437736   137 HBProcessor.cpp:33] Receive heartbeat from "storaged2":9779, role = STORAGE
I20250830 20:16:54.438233   137 HBProcessor.cpp:41] Machine "storaged2":9779 is not registered
I20250830 20:16:54.679105   137 HBProcessor.cpp:33] Receive heartbeat from "storaged0":9779, role = STORAGE
I20250830 20:16:54.679275   137 HBProcessor.cpp:41] Machine "storaged0":9779 is not registered
I20250830 20:16:55.067090    72 ThriftClientManager-inl.h:67] resolve "metad0":9560 as "172.19.0.2":9560
I20250830 20:16:55.068608    72 ThriftClientManager-inl.h:67] resolve "metad1":9560 as "172.19.0.4":9560
I20250830 20:16:55.441115   137 HBProcessor.cpp:33] Receive heartbeat from "storaged2":9779, role = STORAGE
I20250830 20:16:55.442098   137 HBProcessor.cpp:41] Machine "storaged2":9779 is not registered
I20250830 20:16:55.676568   137 HBProcessor.cpp:33] Receive heartbeat from "graphd2":9669, role = GRAPH
I20250830 20:16:55.676929   137 HBProcessor.cpp:89] Update host "graphd2":9669 dir info, root path: /usr/local/nebula, data path size: 0
I20250830 20:16:56.320511    70 ThriftClientManager-inl.h:67] resolve "metad1":9560 as "172.19.0.4":9560
I20250830 20:16:56.482929   137 HBProcessor.cpp:33] Receive heartbeat from "storaged1":9779, role = STORAGE
I20250830 20:16:56.483460   137 HBProcessor.cpp:41] Machine "storaged1":9779 is not registered
I20250830 20:16:57.487502   137 HBProcessor.cpp:33] Receive heartbeat from "storaged1":9779, role = STORAGE
I20250830 20:16:57.488230   137 HBProcessor.cpp:41] Machine "storaged1":9779 is not registered
I20250830 20:16:58.492535   137 HBProcessor.cpp:33] Receive heartbeat from "storaged1":9779, role = STORAGE
I20250830 20:16:58.493434   137 HBProcessor.cpp:41] Machine "storaged1":9779 is not registered
I20250830 20:16:58.712213   137 SessionManagerProcessor.cpp:155] resp session size: 0
I20250830 20:17:03.728595   137 SessionManagerProcessor.cpp:155] resp session size: 0
I20250830 20:17:04.687214   137 HBProcessor.cpp:33] Receive heartbeat from "storaged0":9779, role = STORAGE
I20250830 20:17:04.687657   137 HBProcessor.cpp:41] Machine "storaged0":9779 is not registered
I20250830 20:17:05.457190   137 HBProcessor.cpp:33] Receive heartbeat from "storaged2":9779, role = STORAGE
I20250830 20:17:05.457659   137 HBProcessor.cpp:41] Machine "storaged2":9779 is not registered
I20250830 20:17:05.690654   137 HBProcessor.cpp:33] Receive heartbeat from "storaged0":9779, role = STORAGE
I20250830 20:17:05.691468   137 HBProcessor.cpp:41] Machine "storaged0":9779 is not registered
I20250830 20:17:05.707710   137 SessionManagerProcessor.cpp:155] resp session size: 0
I20250830 20:17:05.716393   137 SessionManagerProcessor.cpp:155] resp session size: 0
I20250830 20:17:06.461725   137 HBProcessor.cpp:33] Receive heartbeat from "storaged2":9779, role = STORAGE
I20250830 20:17:06.462215   137 HBProcessor.cpp:41] Machine "storaged2":9779 is not registered
I20250830 20:17:06.696522   137 HBProcessor.cpp:33] Receive heartbeat from "storaged0":9779, role = STORAGE
I20250830 20:17:06.697126   137 HBProcessor.cpp:41] Machine "storaged0":9779 is not registered
I20250830 20:17:07.466275   137 HBProcessor.cpp:33] Receive heartbeat from "storaged2":9779, role = STORAGE
I20250830 20:17:07.466902   137 HBProcessor.cpp:41] Machine "storaged2":9779 is not registered
I20250830 20:17:07.702517   137 HBProcessor.cpp:33] Receive heartbeat from "storaged0":9779, role = STORAGE
I20250830 20:17:07.703238   137 HBProcessor.cpp:41] Machine "storaged0":9779 is not registered
I20250830 20:17:08.470968   137 HBProcessor.cpp:33] Receive heartbeat from "storaged2":9779, role = STORAGE
I20250830 20:17:08.471750   137 HBProcessor.cpp:41] Machine "storaged2":9779 is not registered
I20250830 20:17:08.502741   137 HBProcessor.cpp:33] Receive heartbeat from "storaged1":9779, role = STORAGE
I20250830 20:17:08.503139   137 HBProcessor.cpp:41] Machine "storaged1":9779 is not registered
I20250830 20:17:09.517457   137 HBProcessor.cpp:33] Receive heartbeat from "storaged1":9779, role = STORAGE
I20250830 20:17:09.517942   137 HBProcessor.cpp:41] Machine "storaged1":9779 is not registered
I20250830 20:17:10.522905   137 HBProcessor.cpp:33] Receive heartbeat from "storaged1":9779, role = STORAGE
I20250830 20:17:10.523679   137 HBProcessor.cpp:41] Machine "storaged1":9779 is not registered
I20250830 20:17:11.528121   137 HBProcessor.cpp:33] Receive heartbeat from "storaged1":9779, role = STORAGE
I20250830 20:17:11.528913   137 HBProcessor.cpp:41] Machine "storaged1":9779 is not registered
I20250830 20:17:14.095958   137 HBProcessor.cpp:33] Receive heartbeat from "graphd1":9669, role = GRAPH
I20250830 20:17:16.160964   137 HBProcessor.cpp:33] Receive heartbeat from "graphd2":9669, role = GRAPH
I20250830 20:17:17.710987   137 HBProcessor.cpp:33] Receive heartbeat from "storaged0":9779, role = STORAGE
I20250830 20:17:17.711362   137 HBProcessor.cpp:41] Machine "storaged0":9779 is not registered
I20250830 20:17:18.481884   137 HBProcessor.cpp:33] Receive heartbeat from "storaged2":9779, role = STORAGE
I20250830 20:17:18.482327   137 HBProcessor.cpp:41] Machine "storaged2":9779 is not registered
I20250830 20:17:18.729851   137 HBProcessor.cpp:33] Receive heartbeat from "storaged0":9779, role = STORAGE
I20250830 20:17:18.730652   137 HBProcessor.cpp:41] Machine "storaged0":9779 is not registered
I20250830 20:17:19.501681   137 HBProcessor.cpp:33] Receive heartbeat from "storaged2":9779, role = STORAGE
I20250830 20:17:19.502431   137 HBProcessor.cpp:41] Machine "storaged2":9779 is not registered
I20250830 20:17:19.733784   137 HBProcessor.cpp:33] Receive heartbeat from "storaged0":9779, role = STORAGE
I20250830 20:17:19.734035   137 HBProcessor.cpp:41] Machine "storaged0":9779 is not registered
I20250830 20:17:20.505425   137 HBProcessor.cpp:33] Receive heartbeat from "storaged2":9779, role = STORAGE
I20250830 20:17:20.506556   137 HBProcessor.cpp:41] Machine "storaged2":9779 is not registered
I20250830 20:17:20.737684   137 HBProcessor.cpp:33] Receive heartbeat from "storaged0":9779, role = STORAGE
I20250830 20:17:20.738164   137 HBProcessor.cpp:41] Machine "storaged0":9779 is not registered
I20250830 20:17:21.511951   137 HBProcessor.cpp:33] Receive heartbeat from "storaged2":9779, role = STORAGE
I20250830 20:17:21.512840   137 HBProcessor.cpp:41] Machine "storaged2":9779 is not registered
I20250830 20:17:21.534835   137 HBProcessor.cpp:33] Receive heartbeat from "storaged1":9779, role = STORAGE
I20250830 20:17:21.535174   137 HBProcessor.cpp:41] Machine "storaged1":9779 is not registered
I20250830 20:17:22.539167   137 HBProcessor.cpp:33] Receive heartbeat from "storaged1":9779, role = STORAGE
I20250830 20:17:22.540089   137 HBProcessor.cpp:41] Machine "storaged1":9779 is not registered
I20250830 20:17:23.543027   137 HBProcessor.cpp:33] Receive heartbeat from "storaged1":9779, role = STORAGE
I20250830 20:17:23.543696   137 HBProcessor.cpp:41] Machine "storaged1":9779 is not registered
I20250830 20:17:24.102277   137 HBProcessor.cpp:33] Receive heartbeat from "graphd1":9669, role = GRAPH
I20250830 20:17:24.546990   137 HBProcessor.cpp:33] Receive heartbeat from "storaged1":9779, role = STORAGE
I20250830 20:17:24.547508   137 HBProcessor.cpp:41] Machine "storaged1":9779 is not registered
I20250830 20:17:26.166165   137 HBProcessor.cpp:33] Receive heartbeat from "graphd2":9669, role = GRAPH
I20250830 20:17:30.746407   137 HBProcessor.cpp:33] Receive heartbeat from "storaged0":9779, role = STORAGE
I20250830 20:17:30.747320   137 HBProcessor.cpp:41] Machine "storaged0":9779 is not registered
I20250830 20:17:31.521286   137 HBProcessor.cpp:33] Receive heartbeat from "storaged2":9779, role = STORAGE
I20250830 20:17:31.521752   137 HBProcessor.cpp:41] Machine "storaged2":9779 is not registered
I20250830 20:17:31.750717   137 HBProcessor.cpp:33] Receive heartbeat from "storaged0":9779, role = STORAGE
I20250830 20:17:31.751708   137 HBProcessor.cpp:41] Machine "storaged0":9779 is not registered
I20250830 20:17:32.524116   137 HBProcessor.cpp:33] Receive heartbeat from "storaged2":9779, role = STORAGE
I20250830 20:17:32.524487   137 HBProcessor.cpp:41] Machine "storaged2":9779 is not registered
I20250830 20:17:32.754659   137 HBProcessor.cpp:33] Receive heartbeat from "storaged0":9779, role = STORAGE
I20250830 20:17:32.755497   137 HBProcessor.cpp:41] Machine "storaged0":9779 is not registered
I20250830 20:17:33.527597   137 HBProcessor.cpp:33] Receive heartbeat from "storaged2":9779, role = STORAGE
I20250830 20:17:33.528439   137 HBProcessor.cpp:41] Machine "storaged2":9779 is not registered
I20250830 20:17:33.760372   137 HBProcessor.cpp:33] Receive heartbeat from "storaged0":9779, role = STORAGE
I20250830 20:17:33.761161   137 HBProcessor.cpp:41] Machine "storaged0":9779 is not registered
I20250830 20:17:34.108552   137 HBProcessor.cpp:33] Receive heartbeat from "graphd1":9669, role = GRAPH
I20250830 20:17:34.531560   137 HBProcessor.cpp:33] Receive heartbeat from "storaged2":9779, role = STORAGE
I20250830 20:17:34.532786   137 HBProcessor.cpp:41] Machine "storaged2":9779 is not registered
I20250830 20:17:34.553686   137 HBProcessor.cpp:33] Receive heartbeat from "storaged1":9779, role = STORAGE
I20250830 20:17:34.554184   137 HBProcessor.cpp:41] Machine "storaged1":9779 is not registered
I20250830 20:17:35.557293   137 HBProcessor.cpp:33] Receive heartbeat from "storaged1":9779, role = STORAGE
I20250830 20:17:35.558070   137 HBProcessor.cpp:41] Machine "storaged1":9779 is not registered
I20250830 20:17:36.180294   137 HBProcessor.cpp:33] Receive heartbeat from "graphd2":9669, role = GRAPH
I20250830 20:17:36.561843   137 HBProcessor.cpp:33] Receive heartbeat from "storaged1":9779, role = STORAGE
I20250830 20:17:36.562556   137 HBProcessor.cpp:41] Machine "storaged1":9779 is not registered
I20250830 20:17:37.565704   137 HBProcessor.cpp:33] Receive heartbeat from "storaged1":9779, role = STORAGE
I20250830 20:17:37.566512   137 HBProcessor.cpp:41] Machine "storaged1":9779 is not registered
I20250830 20:17:43.769434   137 HBProcessor.cpp:33] Receive heartbeat from "storaged0":9779, role = STORAGE
I20250830 20:17:43.770172   137 HBProcessor.cpp:41] Machine "storaged0":9779 is not registered
I20250830 20:17:44.117530   137 HBProcessor.cpp:33] Receive heartbeat from "graphd1":9669, role = GRAPH
I20250830 20:17:44.540856   137 HBProcessor.cpp:33] Receive heartbeat from "storaged2":9779, role = STORAGE
I20250830 20:17:44.541386   137 HBProcessor.cpp:41] Machine "storaged2":9779 is not registered
I20250830 20:17:44.774318   137 HBProcessor.cpp:33] Receive heartbeat from "storaged0":9779, role = STORAGE
I20250830 20:17:44.774956   137 HBProcessor.cpp:41] Machine "storaged0":9779 is not registered
I20250830 20:17:45.544847   137 HBProcessor.cpp:33] Receive heartbeat from "storaged2":9779, role = STORAGE
I20250830 20:17:45.545761   137 HBProcessor.cpp:41] Machine "storaged2":9779 is not registered
I20250830 20:17:45.779346   137 HBProcessor.cpp:33] Receive heartbeat from "storaged0":9779, role = STORAGE
I20250830 20:17:45.780296   137 HBProcessor.cpp:41] Machine "storaged0":9779 is not registered
I20250830 20:17:46.199574   137 HBProcessor.cpp:33] Receive heartbeat from "graphd2":9669, role = GRAPH
I20250830 20:17:46.548188   137 HBProcessor.cpp:33] Receive heartbeat from "storaged2":9779, role = STORAGE
I20250830 20:17:46.548615   137 HBProcessor.cpp:41] Machine "storaged2":9779 is not registered
I20250830 20:17:46.783946   137 HBProcessor.cpp:33] Receive heartbeat from "storaged0":9779, role = STORAGE
I20250830 20:17:46.784824   137 HBProcessor.cpp:41] Machine "storaged0":9779 is not registered
I20250830 20:17:47.555835   137 HBProcessor.cpp:33] Receive heartbeat from "storaged2":9779, role = STORAGE
I20250830 20:17:47.556746   137 HBProcessor.cpp:41] Machine "storaged2":9779 is not registered
I20250830 20:17:47.573622   137 HBProcessor.cpp:33] Receive heartbeat from "storaged1":9779, role = STORAGE
I20250830 20:17:47.574029   137 HBProcessor.cpp:41] Machine "storaged1":9779 is not registered
I20250830 20:17:48.577421   137 HBProcessor.cpp:33] Receive heartbeat from "storaged1":9779, role = STORAGE
I20250830 20:17:48.578154   137 HBProcessor.cpp:41] Machine "storaged1":9779 is not registered
I20250830 20:17:49.581745   137 HBProcessor.cpp:33] Receive heartbeat from "storaged1":9779, role = STORAGE
I20250830 20:17:49.582486   137 HBProcessor.cpp:41] Machine "storaged1":9779 is not registered
I20250830 20:17:50.585139   137 HBProcessor.cpp:33] Receive heartbeat from "storaged1":9779, role = STORAGE
I20250830 20:17:50.585558   137 HBProcessor.cpp:41] Machine "storaged1":9779 is not registered
I20250830 20:17:54.126924   137 HBProcessor.cpp:33] Receive heartbeat from "graphd1":9669, role = GRAPH
I20250830 20:17:56.211164   137 HBProcessor.cpp:33] Receive heartbeat from "graphd2":9669, role = GRAPH
I20250830 20:17:56.794660   137 HBProcessor.cpp:33] Receive heartbeat from "storaged0":9779, role = STORAGE
I20250830 20:17:56.795094   137 HBProcessor.cpp:41] Machine "storaged0":9779 is not registered
I20250830 20:17:57.566843   137 HBProcessor.cpp:33] Receive heartbeat from "storaged2":9779, role = STORAGE
I20250830 20:17:57.567270   137 HBProcessor.cpp:41] Machine "storaged2":9779 is not registered
I20250830 20:17:57.801817   137 HBProcessor.cpp:33] Receive heartbeat from "storaged0":9779, role = STORAGE
I20250830 20:17:57.802513   137 HBProcessor.cpp:41] Machine "storaged0":9779 is not registered
I20250830 20:17:58.569911   137 HBProcessor.cpp:33] Receive heartbeat from "storaged2":9779, role = STORAGE
I20250830 20:17:58.570755   137 HBProcessor.cpp:41] Machine "storaged2":9779 is not registered
I20250830 20:17:58.804526   137 HBProcessor.cpp:33] Receive heartbeat from "storaged0":9779, role = STORAGE
I20250830 20:17:58.805166   137 HBProcessor.cpp:41] Machine "storaged0":9779 is not registered
I20250830 20:17:59.574044   137 HBProcessor.cpp:33] Receive heartbeat from "storaged2":9779, role = STORAGE
I20250830 20:17:59.574957   137 HBProcessor.cpp:41] Machine "storaged2":9779 is not registered
I20250830 20:17:59.809562   137 HBProcessor.cpp:33] Receive heartbeat from "storaged0":9779, role = STORAGE
I20250830 20:17:59.810302   137 HBProcessor.cpp:41] Machine "storaged0":9779 is not registered
I20250830 20:18:00.578820   137 HBProcessor.cpp:33] Receive heartbeat from "storaged2":9779, role = STORAGE
I20250830 20:18:00.579747   137 HBProcessor.cpp:41] Machine "storaged2":9779 is not registered
I20250830 20:18:00.592511   137 HBProcessor.cpp:33] Receive heartbeat from "storaged1":9779, role = STORAGE
I20250830 20:18:00.593065   137 HBProcessor.cpp:41] Machine "storaged1":9779 is not registered
I20250830 20:18:01.596446   137 HBProcessor.cpp:33] Receive heartbeat from "storaged1":9779, role = STORAGE
I20250830 20:18:01.597416   137 HBProcessor.cpp:41] Machine "storaged1":9779 is not registered
I20250830 20:18:02.599058   137 HBProcessor.cpp:33] Receive heartbeat from "storaged1":9779, role = STORAGE
I20250830 20:18:02.599392   137 HBProcessor.cpp:41] Machine "storaged1":9779 is not registered
I20250830 20:18:03.602532   137 HBProcessor.cpp:33] Receive heartbeat from "storaged1":9779, role = STORAGE
I20250830 20:18:03.603204   137 HBProcessor.cpp:41] Machine "storaged1":9779 is not registered
I20250830 20:18:04.132362   137 HBProcessor.cpp:33] Receive heartbeat from "graphd1":9669, role = GRAPH
I20250830 20:18:06.219050   137 HBProcessor.cpp:33] Receive heartbeat from "graphd2":9669, role = GRAPH
I20250830 20:18:09.820298   137 HBProcessor.cpp:33] Receive heartbeat from "storaged0":9779, role = STORAGE
I20250830 20:18:09.821141   137 HBProcessor.cpp:41] Machine "storaged0":9779 is not registered
I20250830 20:18:10.592196   137 HBProcessor.cpp:33] Receive heartbeat from "storaged2":9779, role = STORAGE
I20250830 20:18:10.592664   137 HBProcessor.cpp:41] Machine "storaged2":9779 is not registered
I20250830 20:18:10.824708   137 HBProcessor.cpp:33] Receive heartbeat from "storaged0":9779, role = STORAGE
I20250830 20:18:10.825580   137 HBProcessor.cpp:41] Machine "storaged0":9779 is not registered
I20250830 20:18:11.596170   137 HBProcessor.cpp:33] Receive heartbeat from "storaged2":9779, role = STORAGE
I20250830 20:18:11.597147   137 HBProcessor.cpp:41] Machine "storaged2":9779 is not registered
I20250830 20:18:11.828440   137 HBProcessor.cpp:33] Receive heartbeat from "storaged0":9779, role = STORAGE
I20250830 20:18:11.828958   137 HBProcessor.cpp:41] Machine "storaged0":9779 is not registered
I20250830 20:18:12.598181   137 HBProcessor.cpp:33] Receive heartbeat from "storaged2":9779, role = STORAGE
I20250830 20:18:12.598733   137 HBProcessor.cpp:41] Machine "storaged2":9779 is not registered
I20250830 20:18:12.831431   137 HBProcessor.cpp:33] Receive heartbeat from "storaged0":9779, role = STORAGE
I20250830 20:18:12.832242   137 HBProcessor.cpp:41] Machine "storaged0":9779 is not registered
I20250830 20:18:13.605404   137 HBProcessor.cpp:33] Receive heartbeat from "storaged2":9779, role = STORAGE
I20250830 20:18:13.607177   137 HBProcessor.cpp:41] Machine "storaged2":9779 is not registered
I20250830 20:18:13.609997   137 HBProcessor.cpp:33] Receive heartbeat from "storaged1":9779, role = STORAGE
I20250830 20:18:13.610577   137 HBProcessor.cpp:41] Machine "storaged1":9779 is not registered
I20250830 20:18:14.146656   137 HBProcessor.cpp:33] Receive heartbeat from "graphd1":9669, role = GRAPH
I20250830 20:18:14.613489   137 HBProcessor.cpp:33] Receive heartbeat from "storaged1":9779, role = STORAGE
I20250830 20:18:14.614502   137 HBProcessor.cpp:41] Machine "storaged1":9779 is not registered
I20250830 20:18:15.618171   137 HBProcessor.cpp:33] Receive heartbeat from "storaged1":9779, role = STORAGE
I20250830 20:18:15.619650   137 HBProcessor.cpp:41] Machine "storaged1":9779 is not registered
I20250830 20:18:16.232904   137 HBProcessor.cpp:33] Receive heartbeat from "graphd2":9669, role = GRAPH
I20250830 20:18:16.621042   137 HBProcessor.cpp:33] Receive heartbeat from "storaged1":9779, role = STORAGE
I20250830 20:18:16.621467   137 HBProcessor.cpp:41] Machine "storaged1":9779 is not registered
I20250830 20:18:22.840862   137 HBProcessor.cpp:33] Receive heartbeat from "storaged0":9779, role = STORAGE
I20250830 20:18:22.841320   137 HBProcessor.cpp:41] Machine "storaged0":9779 is not registered
I20250830 20:18:23.618525   137 HBProcessor.cpp:33] Receive heartbeat from "storaged2":9779, role = STORAGE
I20250830 20:18:23.618937   137 HBProcessor.cpp:41] Machine "storaged2":9779 is not registered
I20250830 20:18:23.845062   137 HBProcessor.cpp:33] Receive heartbeat from "storaged0":9779, role = STORAGE
I20250830 20:18:23.845966   137 HBProcessor.cpp:41] Machine "storaged0":9779 is not registered
I20250830 20:18:24.156454   137 HBProcessor.cpp:33] Receive heartbeat from "graphd1":9669, role = GRAPH
I20250830 20:18:24.623215   137 HBProcessor.cpp:33] Receive heartbeat from "storaged2":9779, role = STORAGE
I20250830 20:18:24.624058   137 HBProcessor.cpp:41] Machine "storaged2":9779 is not registered
I20250830 20:18:24.849346   137 HBProcessor.cpp:33] Receive heartbeat from "storaged0":9779, role = STORAGE
I20250830 20:18:24.849812   137 HBProcessor.cpp:41] Machine "storaged0":9779 is not registered
I20250830 20:18:25.626437   137 HBProcessor.cpp:33] Receive heartbeat from "storaged2":9779, role = STORAGE
I20250830 20:18:25.627308   137 HBProcessor.cpp:41] Machine "storaged2":9779 is not registered
I20250830 20:18:25.853433   137 HBProcessor.cpp:33] Receive heartbeat from "storaged0":9779, role = STORAGE
I20250830 20:18:25.854226   137 HBProcessor.cpp:41] Machine "storaged0":9779 is not registered
I20250830 20:18:26.240666   137 HBProcessor.cpp:33] Receive heartbeat from "graphd2":9669, role = GRAPH
I20250830 20:18:26.628672   137 HBProcessor.cpp:33] Receive heartbeat from "storaged1":9779, role = STORAGE
I20250830 20:18:26.629117   137 HBProcessor.cpp:41] Machine "storaged1":9779 is not registered
I20250830 20:18:26.629462   137 HBProcessor.cpp:33] Receive heartbeat from "storaged2":9779, role = STORAGE
I20250830 20:18:26.629740   137 HBProcessor.cpp:41] Machine "storaged2":9779 is not registered
I20250830 20:18:27.631366   137 HBProcessor.cpp:33] Receive heartbeat from "storaged1":9779, role = STORAGE
I20250830 20:18:27.632234   137 HBProcessor.cpp:41] Machine "storaged1":9779 is not registered
I20250830 20:18:28.634312   137 HBProcessor.cpp:33] Receive heartbeat from "storaged1":9779, role = STORAGE
I20250830 20:18:28.635226   137 HBProcessor.cpp:41] Machine "storaged1":9779 is not registered
I20250830 20:18:29.637646   137 HBProcessor.cpp:33] Receive heartbeat from "storaged1":9779, role = STORAGE
I20250830 20:18:29.637921   137 HBProcessor.cpp:41] Machine "storaged1":9779 is not registered
I20250830 20:18:34.171631   137 HBProcessor.cpp:33] Receive heartbeat from "graphd1":9669, role = GRAPH
I20250830 20:18:35.860913   137 HBProcessor.cpp:33] Receive heartbeat from "storaged0":9779, role = STORAGE
I20250830 20:18:35.861508   137 HBProcessor.cpp:41] Machine "storaged0":9779 is not registered
I20250830 20:18:36.249424   137 HBProcessor.cpp:33] Receive heartbeat from "graphd2":9669, role = GRAPH
I20250830 20:18:36.637040   137 HBProcessor.cpp:33] Receive heartbeat from "storaged2":9779, role = STORAGE
I20250830 20:18:36.637454   137 HBProcessor.cpp:41] Machine "storaged2":9779 is not registered
I20250830 20:18:36.863812   137 HBProcessor.cpp:33] Receive heartbeat from "storaged0":9779, role = STORAGE
I20250830 20:18:36.864439   137 HBProcessor.cpp:41] Machine "storaged0":9779 is not registered
I20250830 20:18:37.640172   137 HBProcessor.cpp:33] Receive heartbeat from "storaged2":9779, role = STORAGE
I20250830 20:18:37.641018   137 HBProcessor.cpp:41] Machine "storaged2":9779 is not registered
I20250830 20:18:37.868623   137 HBProcessor.cpp:33] Receive heartbeat from "storaged0":9779, role = STORAGE
I20250830 20:18:37.869230   137 HBProcessor.cpp:41] Machine "storaged0":9779 is not registered
I20250830 20:18:38.644874   137 HBProcessor.cpp:33] Receive heartbeat from "storaged2":9779, role = STORAGE
I20250830 20:18:38.645618   137 HBProcessor.cpp:41] Machine "storaged2":9779 is not registered
I20250830 20:18:38.872440   137 HBProcessor.cpp:33] Receive heartbeat from "storaged0":9779, role = STORAGE
I20250830 20:18:38.873291   137 HBProcessor.cpp:41] Machine "storaged0":9779 is not registered
I20250830 20:18:39.644338   137 HBProcessor.cpp:33] Receive heartbeat from "storaged1":9779, role = STORAGE
I20250830 20:18:39.644675   137 HBProcessor.cpp:41] Machine "storaged1":9779 is not registered
I20250830 20:18:39.648754   137 HBProcessor.cpp:33] Receive heartbeat from "storaged2":9779, role = STORAGE
I20250830 20:18:39.649106   137 HBProcessor.cpp:41] Machine "storaged2":9779 is not registered
I20250830 20:18:40.647313   137 HBProcessor.cpp:33] Receive heartbeat from "storaged1":9779, role = STORAGE
I20250830 20:18:40.648021   137 HBProcessor.cpp:41] Machine "storaged1":9779 is not registered
I20250830 20:18:41.651165   137 HBProcessor.cpp:33] Receive heartbeat from "storaged1":9779, role = STORAGE
I20250830 20:18:41.651773   137 HBProcessor.cpp:41] Machine "storaged1":9779 is not registered
I20250830 20:18:42.655251   137 HBProcessor.cpp:33] Receive heartbeat from "storaged1":9779, role = STORAGE
I20250830 20:18:42.655922   137 HBProcessor.cpp:41] Machine "storaged1":9779 is not registered
I20250830 20:18:44.186235   137 HBProcessor.cpp:33] Receive heartbeat from "graphd1":9669, role = GRAPH
I20250830 20:18:46.256376   137 HBProcessor.cpp:33] Receive heartbeat from "graphd2":9669, role = GRAPH
I20250830 20:18:48.881716   137 HBProcessor.cpp:33] Receive heartbeat from "storaged0":9779, role = STORAGE
I20250830 20:18:48.882541   137 HBProcessor.cpp:41] Machine "storaged0":9779 is not registered
I20250830 20:18:49.655274   137 HBProcessor.cpp:33] Receive heartbeat from "storaged2":9779, role = STORAGE
I20250830 20:18:49.655675   137 HBProcessor.cpp:41] Machine "storaged2":9779 is not registered
I20250830 20:18:49.886590   137 HBProcessor.cpp:33] Receive heartbeat from "storaged0":9779, role = STORAGE
I20250830 20:18:49.887121   137 HBProcessor.cpp:41] Machine "storaged0":9779 is not registered
I20250830 20:18:50.658774   137 HBProcessor.cpp:33] Receive heartbeat from "storaged2":9779, role = STORAGE
I20250830 20:18:50.659142   137 HBProcessor.cpp:41] Machine "storaged2":9779 is not registered
I20250830 20:18:50.890231   137 HBProcessor.cpp:33] Receive heartbeat from "storaged0":9779, role = STORAGE
I20250830 20:18:50.891019   137 HBProcessor.cpp:41] Machine "storaged0":9779 is not registered
I20250830 20:18:51.661316   137 HBProcessor.cpp:33] Receive heartbeat from "storaged2":9779, role = STORAGE
I20250830 20:18:51.661741   137 HBProcessor.cpp:41] Machine "storaged2":9779 is not registered
I20250830 20:18:51.894282   137 HBProcessor.cpp:33] Receive heartbeat from "storaged0":9779, role = STORAGE
I20250830 20:18:51.895184   137 HBProcessor.cpp:41] Machine "storaged0":9779 is not registered
I20250830 20:18:52.664189   137 HBProcessor.cpp:33] Receive heartbeat from "storaged1":9779, role = STORAGE
I20250830 20:18:52.664299   136 HBProcessor.cpp:33] Receive heartbeat from "storaged2":9779, role = STORAGE
I20250830 20:18:52.664573   137 HBProcessor.cpp:41] Machine "storaged1":9779 is not registered
I20250830 20:18:52.665300   136 HBProcessor.cpp:41] Machine "storaged2":9779 is not registered
I20250830 20:18:53.667596   136 HBProcessor.cpp:33] Receive heartbeat from "storaged1":9779, role = STORAGE
I20250830 20:18:53.668481   136 HBProcessor.cpp:41] Machine "storaged1":9779 is not registered
I20250830 20:18:54.200531   136 HBProcessor.cpp:33] Receive heartbeat from "graphd1":9669, role = GRAPH
I20250830 20:18:54.671914   136 HBProcessor.cpp:33] Receive heartbeat from "storaged1":9779, role = STORAGE
I20250830 20:18:54.672811   136 HBProcessor.cpp:41] Machine "storaged1":9779 is not registered
I20250830 20:18:55.676189   136 HBProcessor.cpp:33] Receive heartbeat from "storaged1":9779, role = STORAGE
I20250830 20:18:55.677183   136 HBProcessor.cpp:41] Machine "storaged1":9779 is not registered
I20250830 20:18:56.262599   136 HBProcessor.cpp:33] Receive heartbeat from "graphd2":9669, role = GRAPH
I20250830 20:19:01.903666   136 HBProcessor.cpp:33] Receive heartbeat from "storaged0":9779, role = STORAGE
I20250830 20:19:01.904035   136 HBProcessor.cpp:41] Machine "storaged0":9779 is not registered
I20250830 20:19:02.673106   136 HBProcessor.cpp:33] Receive heartbeat from "storaged2":9779, role = STORAGE
I20250830 20:19:02.673513   136 HBProcessor.cpp:41] Machine "storaged2":9779 is not registered
I20250830 20:19:02.906770   136 HBProcessor.cpp:33] Receive heartbeat from "storaged0":9779, role = STORAGE
I20250830 20:19:02.907512   136 HBProcessor.cpp:41] Machine "storaged0":9779 is not registered
I20250830 20:19:03.676249   136 HBProcessor.cpp:33] Receive heartbeat from "storaged2":9779, role = STORAGE
I20250830 20:19:03.677142   136 HBProcessor.cpp:41] Machine "storaged2":9779 is not registered
I20250830 20:19:03.911204   136 HBProcessor.cpp:33] Receive heartbeat from "storaged0":9779, role = STORAGE
I20250830 20:19:03.912052   136 HBProcessor.cpp:41] Machine "storaged0":9779 is not registered
I20250830 20:19:04.206673   136 HBProcessor.cpp:33] Receive heartbeat from "graphd1":9669, role = GRAPH
I20250830 20:19:04.681334   136 HBProcessor.cpp:33] Receive heartbeat from "storaged2":9779, role = STORAGE
I20250830 20:19:04.681941   136 HBProcessor.cpp:41] Machine "storaged2":9779 is not registered
I20250830 20:19:04.915125   136 HBProcessor.cpp:33] Receive heartbeat from "storaged0":9779, role = STORAGE
I20250830 20:19:04.916055   136 HBProcessor.cpp:41] Machine "storaged0":9779 is not registered
I20250830 20:19:05.683707   136 HBProcessor.cpp:33] Receive heartbeat from "storaged2":9779, role = STORAGE
I20250830 20:19:05.683983   137 HBProcessor.cpp:33] Receive heartbeat from "storaged1":9779, role = STORAGE
I20250830 20:19:05.684172   136 HBProcessor.cpp:41] Machine "storaged2":9779 is not registered
I20250830 20:19:05.684708   137 HBProcessor.cpp:41] Machine "storaged1":9779 is not registered
I20250830 20:19:06.267978   137 HBProcessor.cpp:33] Receive heartbeat from "graphd2":9669, role = GRAPH
I20250830 20:19:06.688920   137 HBProcessor.cpp:33] Receive heartbeat from "storaged1":9779, role = STORAGE
I20250830 20:19:06.689471   137 HBProcessor.cpp:41] Machine "storaged1":9779 is not registered
I20250830 20:19:07.692554   137 HBProcessor.cpp:33] Receive heartbeat from "storaged1":9779, role = STORAGE
I20250830 20:19:07.693121   137 HBProcessor.cpp:41] Machine "storaged1":9779 is not registered
I20250830 20:19:08.694752   137 HBProcessor.cpp:33] Receive heartbeat from "storaged1":9779, role = STORAGE
I20250830 20:19:08.695360   137 HBProcessor.cpp:41] Machine "storaged1":9779 is not registered
I20250830 20:19:14.218266   137 HBProcessor.cpp:33] Receive heartbeat from "graphd1":9669, role = GRAPH
I20250830 20:19:14.925726   137 HBProcessor.cpp:33] Receive heartbeat from "storaged0":9779, role = STORAGE
I20250830 20:19:14.926201   137 HBProcessor.cpp:41] Machine "storaged0":9779 is not registered
I20250830 20:19:15.692727   137 HBProcessor.cpp:33] Receive heartbeat from "storaged2":9779, role = STORAGE
I20250830 20:19:15.693167   137 HBProcessor.cpp:41] Machine "storaged2":9779 is not registered
I20250830 20:19:15.929946   137 HBProcessor.cpp:33] Receive heartbeat from "storaged0":9779, role = STORAGE
I20250830 20:19:15.930706   137 HBProcessor.cpp:41] Machine "storaged0":9779 is not registered
I20250830 20:19:16.277122   137 HBProcessor.cpp:33] Receive heartbeat from "graphd2":9669, role = GRAPH
I20250830 20:19:16.694694   137 HBProcessor.cpp:33] Receive heartbeat from "storaged2":9779, role = STORAGE
I20250830 20:19:16.695185   137 HBProcessor.cpp:41] Machine "storaged2":9779 is not registered
I20250830 20:19:16.933938   137 HBProcessor.cpp:33] Receive heartbeat from "storaged0":9779, role = STORAGE
I20250830 20:19:16.934823   137 HBProcessor.cpp:41] Machine "storaged0":9779 is not registered
I20250830 20:19:17.697199   137 HBProcessor.cpp:33] Receive heartbeat from "storaged2":9779, role = STORAGE
I20250830 20:19:17.697748   137 HBProcessor.cpp:41] Machine "storaged2":9779 is not registered
I20250830 20:19:17.938488   137 HBProcessor.cpp:33] Receive heartbeat from "storaged0":9779, role = STORAGE
I20250830 20:19:17.939232   137 HBProcessor.cpp:41] Machine "storaged0":9779 is not registered
I20250830 20:19:18.701530   137 HBProcessor.cpp:33] Receive heartbeat from "storaged2":9779, role = STORAGE
I20250830 20:19:18.701782   137 HBProcessor.cpp:41] Machine "storaged2":9779 is not registered
I20250830 20:19:18.702139   137 HBProcessor.cpp:33] Receive heartbeat from "storaged1":9779, role = STORAGE
I20250830 20:19:18.702525   137 HBProcessor.cpp:41] Machine "storaged1":9779 is not registered
I20250830 20:19:19.705677   137 HBProcessor.cpp:33] Receive heartbeat from "storaged1":9779, role = STORAGE
I20250830 20:19:19.706638   137 HBProcessor.cpp:41] Machine "storaged1":9779 is not registered
I20250830 20:19:20.709798   137 HBProcessor.cpp:33] Receive heartbeat from "storaged1":9779, role = STORAGE
I20250830 20:19:20.710250   137 HBProcessor.cpp:41] Machine "storaged1":9779 is not registered
I20250830 20:19:21.713478   137 HBProcessor.cpp:33] Receive heartbeat from "storaged1":9779, role = STORAGE
I20250830 20:19:21.714100   137 HBProcessor.cpp:41] Machine "storaged1":9779 is not registered
I20250830 20:19:24.226894   137 HBProcessor.cpp:33] Receive heartbeat from "graphd1":9669, role = GRAPH
I20250830 20:19:26.282023   137 HBProcessor.cpp:33] Receive heartbeat from "graphd2":9669, role = GRAPH
I20250830 20:19:27.948802   137 HBProcessor.cpp:33] Receive heartbeat from "storaged0":9779, role = STORAGE
I20250830 20:19:27.949234   137 HBProcessor.cpp:41] Machine "storaged0":9779 is not registered
I20250830 20:19:28.706315   137 HBProcessor.cpp:33] Receive heartbeat from "storaged2":9779, role = STORAGE
I20250830 20:19:28.706679   137 HBProcessor.cpp:41] Machine "storaged2":9779 is not registered
I20250830 20:19:28.952389   137 HBProcessor.cpp:33] Receive heartbeat from "storaged0":9779, role = STORAGE
I20250830 20:19:28.953258   137 HBProcessor.cpp:41] Machine "storaged0":9779 is not registered
I20250830 20:19:29.709590   137 HBProcessor.cpp:33] Receive heartbeat from "storaged2":9779, role = STORAGE
I20250830 20:19:29.710424   137 HBProcessor.cpp:41] Machine "storaged2":9779 is not registered
I20250830 20:19:29.956558   137 HBProcessor.cpp:33] Receive heartbeat from "storaged0":9779, role = STORAGE
I20250830 20:19:29.957306   137 HBProcessor.cpp:41] Machine "storaged0":9779 is not registered
I20250830 20:19:30.713411   137 HBProcessor.cpp:33] Receive heartbeat from "storaged2":9779, role = STORAGE
I20250830 20:19:30.714670   137 HBProcessor.cpp:41] Machine "storaged2":9779 is not registered
I20250830 20:19:30.961468   137 HBProcessor.cpp:33] Receive heartbeat from "storaged0":9779, role = STORAGE
I20250830 20:19:30.962311   137 HBProcessor.cpp:41] Machine "storaged0":9779 is not registered
I20250830 20:19:31.717985   137 HBProcessor.cpp:33] Receive heartbeat from "storaged2":9779, role = STORAGE
I20250830 20:19:31.719434   137 HBProcessor.cpp:41] Machine "storaged2":9779 is not registered
I20250830 20:19:31.722678   137 HBProcessor.cpp:33] Receive heartbeat from "storaged1":9779, role = STORAGE
I20250830 20:19:31.723002   137 HBProcessor.cpp:41] Machine "storaged1":9779 is not registered
I20250830 20:19:32.728691   137 HBProcessor.cpp:33] Receive heartbeat from "storaged1":9779, role = STORAGE
I20250830 20:19:32.733793   137 HBProcessor.cpp:41] Machine "storaged1":9779 is not registered
I20250830 20:19:32.896423   137 HBProcessor.cpp:33] Receive heartbeat from "storaged2":9779, role = STORAGE
I20250830 20:19:32.896569   137 HBProcessor.cpp:41] Machine "storaged2":9779 is not registered
I20250830 20:19:33.740471   137 HBProcessor.cpp:33] Receive heartbeat from "storaged1":9779, role = STORAGE
I20250830 20:19:33.741026   137 HBProcessor.cpp:41] Machine "storaged1":9779 is not registered
I20250830 20:19:33.898721   137 HBProcessor.cpp:33] Receive heartbeat from "storaged2":9779, role = STORAGE
I20250830 20:19:33.899403   137 HBProcessor.cpp:41] Machine "storaged2":9779 is not registered
I20250830 20:19:34.743664   137 HBProcessor.cpp:33] Receive heartbeat from "storaged1":9779, role = STORAGE
I20250830 20:19:34.744010   137 HBProcessor.cpp:41] Machine "storaged1":9779 is not registered
I20250830 20:19:34.902571   137 HBProcessor.cpp:33] Receive heartbeat from "storaged2":9779, role = STORAGE
I20250830 20:19:34.902890   137 HBProcessor.cpp:41] Machine "storaged2":9779 is not registered
I20250830 20:19:35.905615   137 HBProcessor.cpp:33] Receive heartbeat from "storaged2":9779, role = STORAGE
I20250830 20:19:35.905993   137 HBProcessor.cpp:41] Machine "storaged2":9779 is not registered
I20250830 20:19:37.905143   137 HBProcessor.cpp:33] Receive heartbeat from "storaged0":9779, role = STORAGE
I20250830 20:19:37.906204   137 HBProcessor.cpp:41] Machine "storaged0":9779 is not registered
I20250830 20:19:38.914122   137 HBProcessor.cpp:33] Receive heartbeat from "storaged0":9779, role = STORAGE
I20250830 20:19:38.914899   137 HBProcessor.cpp:41] Machine "storaged0":9779 is not registered
I20250830 20:19:39.918412   137 HBProcessor.cpp:33] Receive heartbeat from "storaged0":9779, role = STORAGE
I20250830 20:19:39.919281   137 HBProcessor.cpp:41] Machine "storaged0":9779 is not registered
I20250830 20:19:40.920532   137 HBProcessor.cpp:33] Receive heartbeat from "storaged0":9779, role = STORAGE
I20250830 20:19:40.921334   137 HBProcessor.cpp:41] Machine "storaged0":9779 is not registered
I20250830 20:19:41.197954     1 MetaDaemon.cpp:230] Signal 15(Terminated) received, stopping this server
I20250830 20:19:41.208850     1 JobManager.cpp:138] JobManager::shutDown() begin
I20250830 20:19:41.211531   123 JobManager.cpp:155] Detect shutdown called, exit
I20250830 20:19:41.211652   123 JobDescription.cpp:113] Loading job description failed, error: E_JOB_NOT_IN_SPACE
I20250830 20:19:41.211787   123 JobManager.cpp:175] Load an invalid job from space 0 jodId 0
I20250830 20:19:41.211959     1 JobManager.cpp:146] JobManager::shutDown() end
I20250830 20:19:41.212285     1 NebulaStore.cpp:343] Stop the raft service...
I20250830 20:19:41.212463     1 RaftexService.cpp:67] Stopping the raftex service on port 9560
I20250830 20:19:41.212580     1 RaftexService.cpp:77] All partitions have stopped
I20250830 20:19:41.212714     1 NebulaStore.cpp:346] Stop kv engine...
I20250830 20:19:41.213191     1 NebulaStore.cpp:343] Stop the raft service...
I20250830 20:19:41.213284     1 RaftexService.cpp:67] Stopping the raftex service on port 9560
I20250830 20:19:41.213418     1 RaftexService.cpp:77] All partitions have stopped
I20250830 20:19:41.213586     1 NebulaStore.cpp:346] Stop kv engine...
I20250830 20:19:41.213677     1 NebulaStore.cpp:36] Cut off the relationship with meta client
I20250830 20:19:41.214262     1 Part.h:59] [Port: 9560, Space: 0, Part: 0] ~Part()
I20250830 20:19:41.214666     1 RocksEngine.h:247] Release rocksdb on /data/meta/nebula/0
I20250830 20:19:41.217804     1 NebulaStore.cpp:44] ~NebulaStore()
I20250830 20:19:41.222553     1 MetaDaemon.cpp:215] The meta Daemon stopped
I20250830 20:19:41.226917     1 JobManager.cpp:138] JobManager::shutDown() begin
I20250830 20:19:41.227452     1 JobManager.cpp:141] JobManager not running, exit
I20250830 20:19:47.950907     1 MetaDaemon.cpp:137] localhost = "metad2":9559
I20250830 20:19:47.962973     1 NebulaStore.cpp:48] Start the raft service...
I20250830 20:19:47.963557     1 NebulaSnapshotManager.cpp:25] Send snapshot is rate limited to 10485760 for each part by default
I20250830 20:19:48.085625     1 RaftexService.cpp:46] Start raft service on 9560
I20250830 20:19:48.086004     1 NebulaStore.cpp:82] Scan the local path, and init the spaces_
I20250830 20:19:48.087016     1 NebulaStore.cpp:90] Scan path "/data/meta/nebula/0"
I20250830 20:19:48.087507     1 NebulaStore.cpp:292] Init data from partManager for "metad2":9559
I20250830 20:19:48.087805     1 NebulaStore.cpp:417] Create data space 0
I20250830 20:19:48.314802    74 RocksEngine.cpp:107] open rocksdb on /data/meta/nebula/0/data
I20250830 20:19:48.337394     1 NebulaStore.cpp:480] Space 0, part 0 has been added, asLearner 0
I20250830 20:19:48.338521     1 NebulaStore.cpp:75] Register handler...
I20250830 20:19:48.339250     1 MetaDaemonInit.cpp:106] Waiting for the leader elected...
I20250830 20:19:48.339905     1 MetaDaemonInit.cpp:118] Leader has not been elected, sleep 1s
I20250830 20:19:48.589129    57 ThriftClientManager-inl.h:67] resolve "metad0":9560 as "172.19.0.4":9560
I20250830 20:19:48.592450    57 ThriftClientManager-inl.h:67] resolve "metad1":9560 as "172.19.0.3":9560
I20250830 20:19:48.594480    58 ThriftClientManager-inl.h:67] resolve "metad0":9560 as "172.19.0.4":9560
I20250830 20:19:49.341455     1 MetaDaemonInit.cpp:118] Leader has not been elected, sleep 1s
I20250830 20:19:50.342665     1 MetaDaemonInit.cpp:118] Leader has not been elected, sleep 1s
I20250830 20:19:51.343693     1 MetaDaemonInit.cpp:118] Leader has not been elected, sleep 1s
I20250830 20:19:52.345029     1 MetaDaemonInit.cpp:118] Leader has not been elected, sleep 1s
I20250830 20:19:53.348934     1 MetaDaemonInit.cpp:118] Leader has not been elected, sleep 1s
I20250830 20:19:53.600188    58 ThriftClientManager-inl.h:67] resolve "metad1":9560 as "172.19.0.3":9560
I20250830 20:19:53.601647    60 ThriftClientManager-inl.h:67] resolve "metad0":9560 as "172.19.0.4":9560
I20250830 20:19:54.353107     1 MetaDaemonInit.cpp:153] Get meta version is 4
I20250830 20:19:54.353806     1 MetaDaemonInit.cpp:169] Nebula store init succeeded, clusterId 7502111225327318900
I20250830 20:19:54.353958     1 MetaDaemon.cpp:150] Start http service
I20250830 20:19:54.354745     1 MetaDaemonInit.cpp:226] Starting Meta HTTP Service
I20250830 20:19:54.357893   103 WebService.cpp:124] Web service started on HTTP[19559]
I20250830 20:19:54.358160     1 MetaDaemonInit.cpp:192] Check root user
I20250830 20:19:54.358318     1 MetaDaemonInit.cpp:197] Leader changed, retry
I20250830 20:19:55.358716     1 MetaDaemonInit.cpp:192] Check root user
I20250830 20:19:55.359030     1 MetaDaemonInit.cpp:197] Leader changed, retry
I20250830 20:19:56.364661     1 MetaDaemonInit.cpp:192] Check root user
I20250830 20:19:56.365196     1 MetaDaemonInit.cpp:197] Leader changed, retry
I20250830 20:19:57.367039     1 MetaDaemonInit.cpp:192] Check root user
I20250830 20:19:57.367690     1 MetaDaemonInit.cpp:197] Leader changed, retry
I20250830 20:19:57.533607    62 ThriftClientManager-inl.h:67] resolve "metad0":9560 as "172.19.0.4":9560
I20250830 20:19:57.535636    62 ThriftClientManager-inl.h:67] resolve "metad1":9560 as "172.19.0.3":9560
I20250830 20:19:58.369674     1 MetaDaemonInit.cpp:192] Check root user
I20250830 20:19:58.369987     1 MetaDaemonInit.cpp:197] Leader changed, retry
I20250830 20:19:58.605291    59 ThriftClientManager-inl.h:67] resolve "metad0":9560 as "172.19.0.4":9560
I20250830 20:19:58.607128    60 ThriftClientManager-inl.h:67] resolve "metad1":9560 as "172.19.0.3":9560
I20250830 20:19:58.607192    59 ThriftClientManager-inl.h:67] resolve "metad1":9560 as "172.19.0.3":9560
I20250830 20:19:59.371037     1 MetaDaemonInit.cpp:192] Check root user
I20250830 20:19:59.371989     1 RootUserMan.h:35] God user exists
I20250830 20:19:59.375124     1 MetaDaemon.cpp:193] The meta daemon start on "metad2":9559
I20250830 20:19:59.375349     1 JobManager.cpp:64] JobManager initialized
I20250830 20:19:59.375384   109 JobManager.cpp:150] JobManager::scheduleThread enter
I20250830 20:19:59.601801    63 ThriftClientManager-inl.h:67] resolve "metad0":9560 as "172.19.0.4":9560
I20250830 20:19:59.601871    64 ThriftClientManager-inl.h:67] resolve "metad0":9560 as "172.19.0.4":9560
I20250830 20:19:59.688055   122 HBProcessor.cpp:33] Receive heartbeat from "graphd":9670, role = GRAPH
I20250830 20:19:59.688555   122 HBProcessor.cpp:89] Update host "graphd":9670 dir info, root path: /usr/local/nebula, data path size: 0
I20250830 20:20:00.734088    61 ThriftClientManager-inl.h:67] resolve "metad0":9560 as "172.19.0.4":9560
I20250830 20:20:00.735930    61 ThriftClientManager-inl.h:67] resolve "metad1":9560 as "172.19.0.3":9560
I20250830 20:20:01.497489   123 HBProcessor.cpp:33] Receive heartbeat from "storaged0":9779, role = STORAGE
I20250830 20:20:01.658980    65 ThriftClientManager-inl.h:67] resolve "metad0":9560 as "172.19.0.4":9560
I20250830 20:20:04.608498    63 ThriftClientManager-inl.h:67] resolve "metad1":9560 as "172.19.0.3":9560
I20250830 20:20:04.609247    64 ThriftClientManager-inl.h:67] resolve "metad1":9560 as "172.19.0.3":9560
I20250830 20:20:04.614251    67 ThriftClientManager-inl.h:67] resolve "metad0":9560 as "172.19.0.4":9560
I20250830 20:20:04.615926    67 ThriftClientManager-inl.h:67] resolve "metad1":9560 as "172.19.0.3":9560
I20250830 20:20:04.618132   123 HBProcessor.cpp:41] Machine "storaged0":9779 is not registered
I20250830 20:20:05.610424    68 ThriftClientManager-inl.h:67] resolve "metad0":9560 as "172.19.0.4":9560
I20250830 20:20:05.610611    69 ThriftClientManager-inl.h:67] resolve "metad0":9560 as "172.19.0.4":9560
I20250830 20:20:05.612428    68 ThriftClientManager-inl.h:67] resolve "metad1":9560 as "172.19.0.3":9560
I20250830 20:20:05.612453    69 ThriftClientManager-inl.h:67] resolve "metad1":9560 as "172.19.0.3":9560
I20250830 20:20:05.620651   123 HBProcessor.cpp:33] Receive heartbeat from "storaged0":9779, role = STORAGE
I20250830 20:20:05.621073   123 HBProcessor.cpp:41] Machine "storaged0":9779 is not registered
I20250830 20:20:06.625198   123 HBProcessor.cpp:33] Receive heartbeat from "storaged0":9779, role = STORAGE
I20250830 20:20:06.625428   123 HBProcessor.cpp:41] Machine "storaged0":9779 is not registered
I20250830 20:20:06.666105    65 ThriftClientManager-inl.h:67] resolve "metad1":9560 as "172.19.0.3":9560
I20250830 20:20:07.483975   123 HBProcessor.cpp:33] Receive heartbeat from "storaged1":9779, role = STORAGE
I20250830 20:20:07.484458   123 HBProcessor.cpp:41] Machine "storaged1":9779 is not registered
I20250830 20:20:07.521441   123 HBProcessor.cpp:33] Receive heartbeat from "storaged2":9779, role = STORAGE
I20250830 20:20:07.521874   123 HBProcessor.cpp:41] Machine "storaged2":9779 is not registered
I20250830 20:20:07.627954   123 HBProcessor.cpp:33] Receive heartbeat from "storaged0":9779, role = STORAGE
I20250830 20:20:07.628607   123 HBProcessor.cpp:41] Machine "storaged0":9779 is not registered
I20250830 20:20:07.746351    70 ThriftClientManager-inl.h:67] resolve "metad0":9560 as "172.19.0.4":9560
I20250830 20:20:07.746809    71 ThriftClientManager-inl.h:67] resolve "metad0":9560 as "172.19.0.4":9560
I20250830 20:20:07.748286    70 ThriftClientManager-inl.h:67] resolve "metad1":9560 as "172.19.0.3":9560
I20250830 20:20:07.748332    71 ThriftClientManager-inl.h:67] resolve "metad1":9560 as "172.19.0.3":9560
I20250830 20:20:08.488456   123 HBProcessor.cpp:33] Receive heartbeat from "storaged1":9779, role = STORAGE
I20250830 20:20:08.489231   123 HBProcessor.cpp:41] Machine "storaged1":9779 is not registered
I20250830 20:20:08.526728   123 HBProcessor.cpp:33] Receive heartbeat from "storaged2":9779, role = STORAGE
I20250830 20:20:08.527311   123 HBProcessor.cpp:41] Machine "storaged2":9779 is not registered
I20250830 20:20:08.667287    66 ThriftClientManager-inl.h:67] resolve "metad0":9560 as "172.19.0.4":9560
I20250830 20:20:08.669481    66 ThriftClientManager-inl.h:67] resolve "metad1":9560 as "172.19.0.3":9560
I20250830 20:20:09.495446   123 HBProcessor.cpp:33] Receive heartbeat from "storaged1":9779, role = STORAGE
I20250830 20:20:09.496289   123 HBProcessor.cpp:41] Machine "storaged1":9779 is not registered
I20250830 20:20:09.535339   123 HBProcessor.cpp:33] Receive heartbeat from "storaged2":9779, role = STORAGE
I20250830 20:20:09.536087   123 HBProcessor.cpp:41] Machine "storaged2":9779 is not registered
I20250830 20:20:09.665441   123 SessionManagerProcessor.cpp:155] resp session size: 0
I20250830 20:20:09.674031    72 ThriftClientManager-inl.h:67] resolve "metad0":9560 as "172.19.0.4":9560
I20250830 20:20:11.657703   122 HBProcessor.cpp:33] Receive heartbeat from "graphd1":9669, role = GRAPH
I20250830 20:20:11.658022   122 HBProcessor.cpp:89] Update host "graphd1":9669 dir info, root path: /usr/local/nebula, data path size: 0
I20250830 20:20:12.640549   121 HBProcessor.cpp:33] Receive heartbeat from "graphd2":9669, role = GRAPH
I20250830 20:20:14.685386    72 ThriftClientManager-inl.h:67] resolve "metad1":9560 as "172.19.0.3":9560
I20250830 20:20:14.690102   121 HBProcessor.cpp:89] Update host "graphd2":9669 dir info, root path: /usr/local/nebula, data path size: 0
I20250830 20:20:14.690410   122 SessionManagerProcessor.cpp:155] resp session size: 0
I20250830 20:20:14.723415   121 SessionManagerProcessor.cpp:155] resp session size: 0
I20250830 20:20:14.724608   121 SessionManagerProcessor.cpp:155] resp session size: 0
I20250830 20:20:14.730453   121 SessionManagerProcessor.cpp:155] resp session size: 0
I20250830 20:20:17.637459   121 HBProcessor.cpp:33] Receive heartbeat from "storaged0":9779, role = STORAGE
I20250830 20:20:17.637907   121 HBProcessor.cpp:52] Set clusterId for new host "storaged0":9779!
I20250830 20:20:17.638129   121 HBProcessor.cpp:89] Update host "storaged0":9779 dir info, root path: /usr/local/nebula, data path size: 1
I20250830 20:20:19.502473   121 HBProcessor.cpp:33] Receive heartbeat from "storaged1":9779, role = STORAGE
I20250830 20:20:19.502920   121 HBProcessor.cpp:52] Set clusterId for new host "storaged1":9779!
I20250830 20:20:19.503082   121 HBProcessor.cpp:89] Update host "storaged1":9779 dir info, root path: /usr/local/nebula, data path size: 1
I20250830 20:20:19.541821   121 HBProcessor.cpp:33] Receive heartbeat from "storaged2":9779, role = STORAGE
I20250830 20:20:19.542234   121 HBProcessor.cpp:52] Set clusterId for new host "storaged2":9779!
I20250830 20:20:19.542572   121 HBProcessor.cpp:89] Update host "storaged2":9779 dir info, root path: /usr/local/nebula, data path size: 1
I20250830 20:20:19.740669   121 SessionManagerProcessor.cpp:155] resp session size: 0
I20250830 20:20:22.688298   121 SessionManagerProcessor.cpp:155] resp session size: 0
I20250830 20:20:24.536002   121 SessionManagerProcessor.cpp:155] resp session size: 0
I20250830 20:20:24.979851   121 HBProcessor.cpp:33] Receive heartbeat from "graphd2":9669, role = GRAPH
I20250830 20:20:25.254799   121 HBProcessor.cpp:33] Receive heartbeat from "graphd":9670, role = GRAPH
I20250830 20:20:29.582368   121 SessionManagerProcessor.cpp:155] resp session size: 0
I20250830 20:20:29.747522   121 HBProcessor.cpp:33] Receive heartbeat from "graphd1":9669, role = GRAPH
I20250830 20:20:34.985442   121 HBProcessor.cpp:33] Receive heartbeat from "graphd2":9669, role = GRAPH
I20250830 20:20:35.262933   121 HBProcessor.cpp:33] Receive heartbeat from "graphd":9670, role = GRAPH
I20250830 20:20:39.755539   121 HBProcessor.cpp:33] Receive heartbeat from "graphd1":9669, role = GRAPH
I20250830 20:20:42.883366   121 HBProcessor.cpp:33] Receive heartbeat from "storaged0":9779, role = STORAGE
I20250830 20:20:44.837682   121 HBProcessor.cpp:33] Receive heartbeat from "storaged2":9779, role = STORAGE
I20250830 20:20:44.990516   121 HBProcessor.cpp:33] Receive heartbeat from "graphd2":9669, role = GRAPH
I20250830 20:20:45.282868   121 HBProcessor.cpp:33] Receive heartbeat from "graphd":9670, role = GRAPH
I20250830 20:20:49.765558   121 HBProcessor.cpp:33] Receive heartbeat from "graphd1":9669, role = GRAPH
I20250830 20:20:50.156100   121 HBProcessor.cpp:33] Receive heartbeat from "storaged1":9779, role = STORAGE
I20250830 20:20:52.895977   121 HBProcessor.cpp:33] Receive heartbeat from "storaged0":9779, role = STORAGE
I20250830 20:20:54.849048   121 HBProcessor.cpp:33] Receive heartbeat from "storaged2":9779, role = STORAGE
I20250830 20:20:54.996423   121 HBProcessor.cpp:33] Receive heartbeat from "graphd2":9669, role = GRAPH
I20250830 20:20:55.288995   121 HBProcessor.cpp:33] Receive heartbeat from "graphd":9670, role = GRAPH
I20250830 20:20:59.776237   121 HBProcessor.cpp:33] Receive heartbeat from "graphd1":9669, role = GRAPH
I20250830 20:21:00.173353   121 HBProcessor.cpp:33] Receive heartbeat from "storaged1":9779, role = STORAGE
I20250830 20:21:02.902822   121 HBProcessor.cpp:33] Receive heartbeat from "storaged0":9779, role = STORAGE
I20250830 20:21:04.857913   121 HBProcessor.cpp:33] Receive heartbeat from "storaged2":9779, role = STORAGE
I20250830 20:21:05.004006   121 HBProcessor.cpp:33] Receive heartbeat from "graphd2":9669, role = GRAPH
I20250830 20:21:05.301010   121 HBProcessor.cpp:33] Receive heartbeat from "graphd":9670, role = GRAPH
I20250830 20:21:09.787559   121 HBProcessor.cpp:33] Receive heartbeat from "graphd1":9669, role = GRAPH
I20250830 20:21:10.188213   121 HBProcessor.cpp:33] Receive heartbeat from "storaged1":9779, role = STORAGE
I20250830 20:21:14.872215   121 HBProcessor.cpp:33] Receive heartbeat from "storaged2":9779, role = STORAGE
I20250830 20:21:15.020716   121 HBProcessor.cpp:33] Receive heartbeat from "graphd2":9669, role = GRAPH
I20250830 20:21:15.309103   121 HBProcessor.cpp:33] Receive heartbeat from "graphd":9670, role = GRAPH
I20250830 20:21:17.919564   121 HBProcessor.cpp:33] Receive heartbeat from "storaged0":9779, role = STORAGE
I20250830 20:21:19.793596   121 HBProcessor.cpp:33] Receive heartbeat from "graphd1":9669, role = GRAPH
I20250830 20:21:20.200287   121 HBProcessor.cpp:33] Receive heartbeat from "storaged1":9779, role = STORAGE
I20250830 20:21:24.888623   121 HBProcessor.cpp:33] Receive heartbeat from "storaged2":9779, role = STORAGE
I20250830 20:21:25.030982   121 HBProcessor.cpp:33] Receive heartbeat from "graphd2":9669, role = GRAPH
I20250830 20:21:25.314411   121 HBProcessor.cpp:33] Receive heartbeat from "graphd":9670, role = GRAPH
I20250830 20:21:27.937940   121 HBProcessor.cpp:33] Receive heartbeat from "storaged0":9779, role = STORAGE
I20250830 20:21:29.799599   121 HBProcessor.cpp:33] Receive heartbeat from "graphd1":9669, role = GRAPH
I20250830 20:21:30.211263   121 HBProcessor.cpp:33] Receive heartbeat from "storaged1":9779, role = STORAGE
I20250830 20:21:34.894176   121 HBProcessor.cpp:33] Receive heartbeat from "storaged2":9779, role = STORAGE
I20250830 20:21:35.043871   121 HBProcessor.cpp:33] Receive heartbeat from "graphd2":9669, role = GRAPH
I20250830 20:21:35.320811   121 HBProcessor.cpp:33] Receive heartbeat from "graphd":9670, role = GRAPH
I20250830 20:21:37.948311   121 HBProcessor.cpp:33] Receive heartbeat from "storaged0":9779, role = STORAGE
I20250830 20:21:39.807576   121 HBProcessor.cpp:33] Receive heartbeat from "graphd1":9669, role = GRAPH
I20250830 20:21:40.219570   121 HBProcessor.cpp:33] Receive heartbeat from "storaged1":9779, role = STORAGE
I20250830 20:21:44.906880   121 HBProcessor.cpp:33] Receive heartbeat from "storaged2":9779, role = STORAGE
I20250830 20:21:45.053709   121 HBProcessor.cpp:33] Receive heartbeat from "graphd2":9669, role = GRAPH
I20250830 20:21:45.323959   121 HBProcessor.cpp:33] Receive heartbeat from "graphd":9670, role = GRAPH
I20250830 20:21:47.956887   121 HBProcessor.cpp:33] Receive heartbeat from "storaged0":9779, role = STORAGE
I20250830 20:21:49.822137   121 HBProcessor.cpp:33] Receive heartbeat from "graphd1":9669, role = GRAPH
I20250830 20:21:50.224728   121 HBProcessor.cpp:33] Receive heartbeat from "storaged1":9779, role = STORAGE
I20250830 20:21:54.912449   121 HBProcessor.cpp:33] Receive heartbeat from "storaged2":9779, role = STORAGE
I20250830 20:21:55.069075   121 HBProcessor.cpp:33] Receive heartbeat from "graphd2":9669, role = GRAPH
I20250830 20:21:55.338891   121 HBProcessor.cpp:33] Receive heartbeat from "graphd":9670, role = GRAPH
I20250830 20:21:57.971660   121 HBProcessor.cpp:33] Receive heartbeat from "storaged0":9779, role = STORAGE
I20250830 20:21:59.829696   121 HBProcessor.cpp:33] Receive heartbeat from "graphd1":9669, role = GRAPH
I20250830 20:22:00.230350   121 HBProcessor.cpp:33] Receive heartbeat from "storaged1":9779, role = STORAGE
I20250830 20:22:04.921967   121 HBProcessor.cpp:33] Receive heartbeat from "storaged2":9779, role = STORAGE
I20250830 20:22:05.083743   121 HBProcessor.cpp:33] Receive heartbeat from "graphd2":9669, role = GRAPH
I20250830 20:22:05.347126   121 HBProcessor.cpp:33] Receive heartbeat from "graphd":9670, role = GRAPH
I20250830 20:22:07.981837   121 HBProcessor.cpp:33] Receive heartbeat from "storaged0":9779, role = STORAGE
I20250830 20:22:09.843003   121 HBProcessor.cpp:33] Receive heartbeat from "graphd1":9669, role = GRAPH
I20250830 20:22:10.238700   121 HBProcessor.cpp:33] Receive heartbeat from "storaged1":9779, role = STORAGE
I20250830 20:22:14.928472   121 HBProcessor.cpp:33] Receive heartbeat from "storaged2":9779, role = STORAGE
I20250830 20:22:15.089759   121 HBProcessor.cpp:33] Receive heartbeat from "graphd2":9669, role = GRAPH
I20250830 20:22:15.352989   121 HBProcessor.cpp:33] Receive heartbeat from "graphd":9670, role = GRAPH
I20250830 20:22:17.989131   121 HBProcessor.cpp:33] Receive heartbeat from "storaged0":9779, role = STORAGE
I20250830 20:22:19.849541   121 HBProcessor.cpp:33] Receive heartbeat from "graphd1":9669, role = GRAPH
I20250830 20:22:20.246973   121 HBProcessor.cpp:33] Receive heartbeat from "storaged1":9779, role = STORAGE
I20250830 20:22:24.942524   121 HBProcessor.cpp:33] Receive heartbeat from "storaged2":9779, role = STORAGE
I20250830 20:22:25.104893   121 HBProcessor.cpp:33] Receive heartbeat from "graphd2":9669, role = GRAPH
I20250830 20:22:25.359805   121 HBProcessor.cpp:33] Receive heartbeat from "graphd":9670, role = GRAPH
I20250830 20:22:28.004247   121 HBProcessor.cpp:33] Receive heartbeat from "storaged0":9779, role = STORAGE
I20250830 20:22:29.854387   121 HBProcessor.cpp:33] Receive heartbeat from "graphd1":9669, role = GRAPH
I20250830 20:22:30.250181   121 HBProcessor.cpp:33] Receive heartbeat from "storaged1":9779, role = STORAGE
I20250830 20:22:34.954969   121 HBProcessor.cpp:33] Receive heartbeat from "storaged2":9779, role = STORAGE
I20250830 20:22:35.118171   121 HBProcessor.cpp:33] Receive heartbeat from "graphd2":9669, role = GRAPH
I20250830 20:22:35.369441   121 HBProcessor.cpp:33] Receive heartbeat from "graphd":9670, role = GRAPH
I20250830 20:22:38.009356   121 HBProcessor.cpp:33] Receive heartbeat from "storaged0":9779, role = STORAGE
I20250830 20:22:39.862702   121 HBProcessor.cpp:33] Receive heartbeat from "graphd1":9669, role = GRAPH
I20250830 20:22:40.258311   121 HBProcessor.cpp:33] Receive heartbeat from "storaged1":9779, role = STORAGE
I20250830 20:22:44.968489   121 HBProcessor.cpp:33] Receive heartbeat from "storaged2":9779, role = STORAGE
I20250830 20:22:45.129892   121 HBProcessor.cpp:33] Receive heartbeat from "graphd2":9669, role = GRAPH
I20250830 20:22:45.377805   121 HBProcessor.cpp:33] Receive heartbeat from "graphd":9670, role = GRAPH
I20250830 20:22:48.017180   121 HBProcessor.cpp:33] Receive heartbeat from "storaged0":9779, role = STORAGE
I20250830 20:22:49.873020   121 HBProcessor.cpp:33] Receive heartbeat from "graphd1":9669, role = GRAPH
I20250830 20:22:50.270574   121 HBProcessor.cpp:33] Receive heartbeat from "storaged1":9779, role = STORAGE
I20250830 20:22:54.982398   121 HBProcessor.cpp:33] Receive heartbeat from "storaged2":9779, role = STORAGE
I20250830 20:22:55.139897   121 HBProcessor.cpp:33] Receive heartbeat from "graphd2":9669, role = GRAPH
I20250830 20:22:55.393244   121 HBProcessor.cpp:33] Receive heartbeat from "graphd":9670, role = GRAPH
I20250830 20:22:58.028383   121 HBProcessor.cpp:33] Receive heartbeat from "storaged0":9779, role = STORAGE
I20250830 20:22:59.878938   121 HBProcessor.cpp:33] Receive heartbeat from "graphd1":9669, role = GRAPH
I20250830 20:23:00.285749   121 HBProcessor.cpp:33] Receive heartbeat from "storaged1":9779, role = STORAGE
I20250830 20:23:04.989682   121 HBProcessor.cpp:33] Receive heartbeat from "storaged2":9779, role = STORAGE
I20250830 20:23:05.151485   121 HBProcessor.cpp:33] Receive heartbeat from "graphd2":9669, role = GRAPH
I20250830 20:23:05.400727   121 HBProcessor.cpp:33] Receive heartbeat from "graphd":9670, role = GRAPH
I20250830 20:23:08.044943   121 HBProcessor.cpp:33] Receive heartbeat from "storaged0":9779, role = STORAGE
I20250830 20:23:09.896829   121 HBProcessor.cpp:33] Receive heartbeat from "graphd1":9669, role = GRAPH
I20250830 20:23:10.289465   121 HBProcessor.cpp:33] Receive heartbeat from "storaged1":9779, role = STORAGE
I20250830 20:23:15.006012   121 HBProcessor.cpp:33] Receive heartbeat from "storaged2":9779, role = STORAGE
I20250830 20:23:15.159178   121 HBProcessor.cpp:33] Receive heartbeat from "graphd2":9669, role = GRAPH
I20250830 20:23:15.406755   121 HBProcessor.cpp:33] Receive heartbeat from "graphd":9670, role = GRAPH
I20250830 20:23:18.060587   121 HBProcessor.cpp:33] Receive heartbeat from "storaged0":9779, role = STORAGE
I20250830 20:23:19.907861   121 HBProcessor.cpp:33] Receive heartbeat from "graphd1":9669, role = GRAPH
I20250830 20:23:20.295428   121 HBProcessor.cpp:33] Receive heartbeat from "storaged1":9779, role = STORAGE
I20250830 20:23:25.018839   121 HBProcessor.cpp:33] Receive heartbeat from "storaged2":9779, role = STORAGE
I20250830 20:23:25.174620   121 HBProcessor.cpp:33] Receive heartbeat from "graphd2":9669, role = GRAPH
I20250830 20:23:25.418393   121 HBProcessor.cpp:33] Receive heartbeat from "graphd":9670, role = GRAPH
I20250830 20:23:28.065455   121 HBProcessor.cpp:33] Receive heartbeat from "storaged0":9779, role = STORAGE
I20250830 20:23:29.923180   121 HBProcessor.cpp:33] Receive heartbeat from "graphd1":9669, role = GRAPH
I20250830 20:23:30.305405   121 HBProcessor.cpp:33] Receive heartbeat from "storaged1":9779, role = STORAGE
I20250830 20:23:35.029592   121 HBProcessor.cpp:33] Receive heartbeat from "storaged2":9779, role = STORAGE
I20250830 20:23:35.187150   121 HBProcessor.cpp:33] Receive heartbeat from "graphd2":9669, role = GRAPH
I20250830 20:23:35.423151   121 HBProcessor.cpp:33] Receive heartbeat from "graphd":9670, role = GRAPH
I20250830 20:23:38.081161   121 HBProcessor.cpp:33] Receive heartbeat from "storaged0":9779, role = STORAGE
I20250830 20:23:40.320420   121 HBProcessor.cpp:33] Receive heartbeat from "storaged1":9779, role = STORAGE
I20250830 20:23:45.034463   121 HBProcessor.cpp:33] Receive heartbeat from "storaged2":9779, role = STORAGE
I20250830 20:23:45.431095   121 HBProcessor.cpp:33] Receive heartbeat from "graphd":9670, role = GRAPH
I20250830 20:23:48.096204   121 HBProcessor.cpp:33] Receive heartbeat from "storaged0":9779, role = STORAGE
I20250830 20:23:49.773000     1 MetaDaemon.cpp:230] Signal 15(Terminated) received, stopping this server
I20250830 20:23:49.784289     1 JobManager.cpp:138] JobManager::shutDown() begin
I20250830 20:23:49.791118   109 JobManager.cpp:155] Detect shutdown called, exit
I20250830 20:23:49.791296   109 JobDescription.cpp:113] Loading job description failed, error: E_JOB_NOT_IN_SPACE
I20250830 20:23:49.791441   109 JobManager.cpp:175] Load an invalid job from space 0 jodId 0
I20250830 20:23:49.791668     1 JobManager.cpp:146] JobManager::shutDown() end
I20250830 20:23:49.791788     1 NebulaStore.cpp:343] Stop the raft service...
I20250830 20:23:49.791989     1 RaftexService.cpp:67] Stopping the raftex service on port 9560
I20250830 20:23:49.792172     1 RaftexService.cpp:77] All partitions have stopped
I20250830 20:23:49.792317     1 NebulaStore.cpp:346] Stop kv engine...
I20250830 20:23:49.792809     1 NebulaStore.cpp:343] Stop the raft service...
I20250830 20:23:49.793015     1 RaftexService.cpp:67] Stopping the raftex service on port 9560
I20250830 20:23:49.793280     1 RaftexService.cpp:77] All partitions have stopped
I20250830 20:23:49.793385     1 NebulaStore.cpp:346] Stop kv engine...
I20250830 20:23:49.793637     1 NebulaStore.cpp:36] Cut off the relationship with meta client
I20250830 20:23:49.794432     1 Part.h:59] [Port: 9560, Space: 0, Part: 0] ~Part()
I20250830 20:23:49.795192     1 RocksEngine.h:247] Release rocksdb on /data/meta/nebula/0
I20250830 20:23:49.796989     1 NebulaStore.cpp:44] ~NebulaStore()
I20250830 20:23:49.801573     1 MetaDaemon.cpp:215] The meta Daemon stopped
I20250830 20:23:49.803236     1 JobManager.cpp:138] JobManager::shutDown() begin
I20250830 20:23:49.803349     1 JobManager.cpp:141] JobManager not running, exit
